#! /usr/local/Cellar/icarus-verilog/11.0/bin/vvp
:ivl_version "11.0 (stable)";
:ivl_delay_selection "TYPICAL";
:vpi_time_precision + 0;
:vpi_module "/usr/local/Cellar/icarus-verilog/11.0/lib/ivl/system.vpi";
:vpi_module "/usr/local/Cellar/icarus-verilog/11.0/lib/ivl/vhdl_sys.vpi";
:vpi_module "/usr/local/Cellar/icarus-verilog/11.0/lib/ivl/vhdl_textio.vpi";
:vpi_module "/usr/local/Cellar/icarus-verilog/11.0/lib/ivl/v2005_math.vpi";
:vpi_module "/usr/local/Cellar/icarus-verilog/11.0/lib/ivl/va_math.vpi";
S_0x7f7a60905570 .scope module, "barrel_8_shift_bh" "barrel_8_shift_bh" 2 5;
 .timescale 0 0;
    .port_info 0 /OUTPUT 8 "Out";
    .port_info 1 /INPUT 8 "In";
    .port_info 2 /INPUT 1 "Lr";
    .port_info 3 /INPUT 3 "n";
o0x7f7a60a32008 .functor BUFZ 8, C4<zzzzzzzz>; HiZ drive
v0x7f7a5f705c70_0 .net "In", 7 0, o0x7f7a60a32008;  0 drivers
o0x7f7a60a32038 .functor BUFZ 1, C4<z>; HiZ drive
v0x7f7a60805750_0 .net "Lr", 0 0, o0x7f7a60a32038;  0 drivers
v0x7f7a608057e0_0 .var "Out", 7 0;
o0x7f7a60a32098 .functor BUFZ 3, C4<zzz>; HiZ drive
v0x7f7a60805870_0 .net "n", 2 0, o0x7f7a60a32098;  0 drivers
E_0x7f7a5f705a30 .event edge, v0x7f7a60805750_0, v0x7f7a5f705c70_0, v0x7f7a60805870_0;
    .scope S_0x7f7a60905570;
T_0 ;
    %wait E_0x7f7a5f705a30;
    %load/vec4 v0x7f7a60805750_0;
    %flag_set/vec4 8;
    %jmp/0xz  T_0.0, 8;
    %load/vec4 v0x7f7a5f705c70_0;
    %ix/getv 4, v0x7f7a60805870_0;
    %shiftl 4;
    %store/vec4 v0x7f7a608057e0_0, 0, 8;
    %jmp T_0.1;
T_0.0 ;
    %load/vec4 v0x7f7a5f705c70_0;
    %ix/getv 4, v0x7f7a60805870_0;
    %shiftr 4;
    %store/vec4 v0x7f7a608057e0_0, 0, 8;
T_0.1 ;
    %jmp T_0;
    .thread T_0, $push;
# The file index is used to find the file name in the following table.
:file_names 3;
    "N/A";
    "<interactive>";
    "barrel_8_shift_bh.v";
