#! /usr/local/Cellar/icarus-verilog/11.0/bin/vvp
:ivl_version "11.0 (stable)";
:ivl_delay_selection "TYPICAL";
:vpi_time_precision + 0;
:vpi_module "/usr/local/Cellar/icarus-verilog/11.0/lib/ivl/system.vpi";
:vpi_module "/usr/local/Cellar/icarus-verilog/11.0/lib/ivl/vhdl_sys.vpi";
:vpi_module "/usr/local/Cellar/icarus-verilog/11.0/lib/ivl/vhdl_textio.vpi";
:vpi_module "/usr/local/Cellar/icarus-verilog/11.0/lib/ivl/v2005_math.vpi";
:vpi_module "/usr/local/Cellar/icarus-verilog/11.0/lib/ivl/va_math.vpi";
S_0x7f78be004860 .scope module, "dff_Pe_SLr_SHs" "dff_Pe_SLr_SHs" 2 7;
 .timescale 0 0;
    .port_info 0 /OUTPUT 1 "q";
    .port_info 1 /INPUT 1 "d";
    .port_info 2 /INPUT 1 "clk";
    .port_info 3 /INPUT 1 "rst";
    .port_info 4 /INPUT 1 "set";
o0x7f78be332008 .functor BUFZ 1, C4<z>; HiZ drive
v0x7f78be004a80_0 .net "clk", 0 0, o0x7f78be332008;  0 drivers
o0x7f78be332038 .functor BUFZ 1, C4<z>; HiZ drive
v0x7f78be007290_0 .net "d", 0 0, o0x7f78be332038;  0 drivers
v0x7f78be007330_0 .var "q", 0 0;
o0x7f78be332098 .functor BUFZ 1, C4<z>; HiZ drive
v0x7f78be0073c0_0 .net "rst", 0 0, o0x7f78be332098;  0 drivers
o0x7f78be3320c8 .functor BUFZ 1, C4<z>; HiZ drive
v0x7f78be007460_0 .net "set", 0 0, o0x7f78be3320c8;  0 drivers
E_0x7f78be004a50 .event posedge, v0x7f78be004a80_0;
    .scope S_0x7f78be004860;
T_0 ;
    %wait E_0x7f78be004a50;
    %load/vec4 v0x7f78be0073c0_0;
    %nor/r;
    %flag_set/vec4 8;
    %jmp/0xz  T_0.0, 8;
    %pushi/vec4 0, 0, 1;
    %assign/vec4 v0x7f78be007330_0, 0;
    %jmp T_0.1;
T_0.0 ;
    %load/vec4 v0x7f78be007460_0;
    %flag_set/vec4 8;
    %jmp/0xz  T_0.2, 8;
    %pushi/vec4 1, 0, 1;
    %assign/vec4 v0x7f78be007330_0, 0;
    %jmp T_0.3;
T_0.2 ;
    %load/vec4 v0x7f78be007290_0;
    %assign/vec4 v0x7f78be007330_0, 0;
T_0.3 ;
T_0.1 ;
    %jmp T_0;
    .thread T_0;
# The file index is used to find the file name in the following table.
:file_names 3;
    "N/A";
    "<interactive>";
    "dff_Pe_SLr_SHs.v";
