#! /usr/local/Cellar/icarus-verilog/11.0/bin/vvp
:ivl_version "11.0 (stable)";
:ivl_delay_selection "TYPICAL";
:vpi_time_precision + 0;
:vpi_module "/usr/local/Cellar/icarus-verilog/11.0/lib/ivl/system.vpi";
:vpi_module "/usr/local/Cellar/icarus-verilog/11.0/lib/ivl/vhdl_sys.vpi";
:vpi_module "/usr/local/Cellar/icarus-verilog/11.0/lib/ivl/vhdl_textio.vpi";
:vpi_module "/usr/local/Cellar/icarus-verilog/11.0/lib/ivl/v2005_math.vpi";
:vpi_module "/usr/local/Cellar/icarus-verilog/11.0/lib/ivl/va_math.vpi";
S_0x7fe2b5305420 .scope module, "counter_up_basic_tb" "counter_up_basic_tb" 2 4;
 .timescale 0 0;
v0x7fe2b5317fe0_0 .var "clk", 0 0;
v0x7fe2b5318080_0 .net "count", 7 0, L_0x7fe2b5318200;  1 drivers
v0x7fe2b5318130_0 .var "rst", 0 0;
S_0x7fe2b5307e90 .scope module, "c0" "counter_up_basic" 2 8, 3 5 0, S_0x7fe2b5305420;
 .timescale 0 0;
    .port_info 0 /OUTPUT 8 "count";
    .port_info 1 /INPUT 1 "clk";
    .port_info 2 /INPUT 1 "rst";
L_0x7fe2b5318200 .functor BUFZ 8, v0x7fe2b5317e30_0, C4<00000000>, C4<00000000>, C4<00000000>;
v0x7fe2b5305590_0 .net "clk", 0 0, v0x7fe2b5317fe0_0;  1 drivers
v0x7fe2b5317d80_0 .net "count", 7 0, L_0x7fe2b5318200;  alias, 1 drivers
v0x7fe2b5317e30_0 .var "count_temp", 7 0;
v0x7fe2b5317ef0_0 .net "rst", 0 0, v0x7fe2b5318130_0;  1 drivers
E_0x7fe2b5305d30 .event posedge, v0x7fe2b5305590_0;
    .scope S_0x7fe2b5307e90;
T_0 ;
    %wait E_0x7fe2b5305d30;
    %load/vec4 v0x7fe2b5317ef0_0;
    %nor/r;
    %flag_set/vec4 8;
    %jmp/0xz  T_0.0, 8;
    %pushi/vec4 0, 0, 8;
    %assign/vec4 v0x7fe2b5317e30_0, 0;
    %jmp T_0.1;
T_0.0 ;
    %load/vec4 v0x7fe2b5317e30_0;
    %addi 1, 0, 8;
    %assign/vec4 v0x7fe2b5317e30_0, 0;
T_0.1 ;
    %jmp T_0;
    .thread T_0;
    .scope S_0x7fe2b5305420;
T_1 ;
    %delay 5, 0;
    %load/vec4 v0x7fe2b5317fe0_0;
    %inv;
    %store/vec4 v0x7fe2b5317fe0_0, 0, 1;
    %jmp T_1;
    .thread T_1;
    .scope S_0x7fe2b5305420;
T_2 ;
    %vpi_call 2 14 "$monitor", "time=%d\011clk=%b\011rst=%b\011count=%d\011", $time, v0x7fe2b5317fe0_0, v0x7fe2b5318130_0, v0x7fe2b5318080_0 {0 0 0};
    %pushi/vec4 0, 0, 1;
    %store/vec4 v0x7fe2b5317fe0_0, 0, 1;
    %pushi/vec4 1, 0, 1;
    %store/vec4 v0x7fe2b5318130_0, 0, 1;
    %delay 10, 0;
    %pushi/vec4 0, 0, 1;
    %store/vec4 v0x7fe2b5318130_0, 0, 1;
    %delay 20, 0;
    %pushi/vec4 1, 0, 1;
    %store/vec4 v0x7fe2b5318130_0, 0, 1;
    %delay 100, 0;
    %vpi_call 2 21 "$stop" {0 0 0};
    %end;
    .thread T_2;
# The file index is used to find the file name in the following table.
:file_names 4;
    "N/A";
    "<interactive>";
    "counter_up_tb.v";
    "./counter_up.v";
