#! /usr/local/Cellar/icarus-verilog/11.0/bin/vvp
:ivl_version "11.0 (stable)";
:ivl_delay_selection "TYPICAL";
:vpi_time_precision + 0;
:vpi_module "/usr/local/Cellar/icarus-verilog/11.0/lib/ivl/system.vpi";
:vpi_module "/usr/local/Cellar/icarus-verilog/11.0/lib/ivl/vhdl_sys.vpi";
:vpi_module "/usr/local/Cellar/icarus-verilog/11.0/lib/ivl/vhdl_textio.vpi";
:vpi_module "/usr/local/Cellar/icarus-verilog/11.0/lib/ivl/v2005_math.vpi";
:vpi_module "/usr/local/Cellar/icarus-verilog/11.0/lib/ivl/va_math.vpi";
S_0x7fcb460048a0 .scope module, "counter_mod47_up" "counter_mod47_up" 2 5;
 .timescale 0 0;
    .port_info 0 /OUTPUT 8 "count";
    .port_info 1 /INPUT 1 "clk";
    .port_info 2 /INPUT 1 "rst";
L_0x7fcb46015250 .functor BUFZ 8, v0x7fcb460150b0_0, C4<00000000>, C4<00000000>, C4<00000000>;
o0x7fcb46332008 .functor BUFZ 1, C4<z>; HiZ drive
v0x7fcb46004a10_0 .net "clk", 0 0, o0x7fcb46332008;  0 drivers
v0x7fcb46015010_0 .net "count", 7 0, L_0x7fcb46015250;  1 drivers
v0x7fcb460150b0_0 .var "count_temp", 7 0;
o0x7fcb46332098 .functor BUFZ 1, C4<z>; HiZ drive
v0x7fcb46015160_0 .net "rst", 0 0, o0x7fcb46332098;  0 drivers
E_0x7fcb46006020 .event posedge, v0x7fcb46004a10_0;
    .scope S_0x7fcb460048a0;
T_0 ;
    %wait E_0x7fcb46006020;
    %load/vec4 v0x7fcb46015160_0;
    %nor/r;
    %pushi/vec4 47, 0, 8;
    %load/vec4 v0x7fcb460150b0_0;
    %cmp/u;
    %flag_get/vec4 4;
    %flag_get/vec4 5;
    %or;
    %or;
    %flag_set/vec4 8;
    %jmp/0xz  T_0.0, 8;
    %pushi/vec4 0, 0, 8;
    %assign/vec4 v0x7fcb460150b0_0, 0;
    %jmp T_0.1;
T_0.0 ;
    %load/vec4 v0x7fcb460150b0_0;
    %addi 1, 0, 8;
    %assign/vec4 v0x7fcb460150b0_0, 0;
T_0.1 ;
    %jmp T_0;
    .thread T_0;
# The file index is used to find the file name in the following table.
:file_names 3;
    "N/A";
    "<interactive>";
    "counter_mod47_up.v";
