#! /usr/local/Cellar/icarus-verilog/11.0/bin/vvp
:ivl_version "11.0 (stable)";
:ivl_delay_selection "TYPICAL";
:vpi_time_precision + 0;
:vpi_module "/usr/local/Cellar/icarus-verilog/11.0/lib/ivl/system.vpi";
:vpi_module "/usr/local/Cellar/icarus-verilog/11.0/lib/ivl/vhdl_sys.vpi";
:vpi_module "/usr/local/Cellar/icarus-verilog/11.0/lib/ivl/vhdl_textio.vpi";
:vpi_module "/usr/local/Cellar/icarus-verilog/11.0/lib/ivl/v2005_math.vpi";
:vpi_module "/usr/local/Cellar/icarus-verilog/11.0/lib/ivl/va_math.vpi";
S_0x7fcadb706640 .scope module, "counter_10_to_40" "counter_10_to_40" 2 5;
 .timescale 0 0;
    .port_info 0 /OUTPUT 8 "count";
    .port_info 1 /INPUT 1 "clk";
    .port_info 2 /INPUT 8 "data";
    .port_info 3 /INPUT 1 "load";
    .port_info 4 /INPUT 1 "u_d";
    .port_info 5 /INPUT 1 "rst";
L_0x7fcadb716db0 .functor BUFZ 8, v0x7fcadb7169a0_0, C4<00000000>, C4<00000000>, C4<00000000>;
o0x7fcadca32008 .functor BUFZ 1, C4<z>; HiZ drive
v0x7fcadb706870_0 .net "clk", 0 0, o0x7fcadca32008;  0 drivers
v0x7fcadb716900_0 .net "count", 7 0, L_0x7fcadb716db0;  1 drivers
v0x7fcadb7169a0_0 .var "count_temp", 7 0;
o0x7fcadca32098 .functor BUFZ 8, C4<zzzzzzzz>; HiZ drive
v0x7fcadb716a50_0 .net "data", 7 0, o0x7fcadca32098;  0 drivers
o0x7fcadca320c8 .functor BUFZ 1, C4<z>; HiZ drive
v0x7fcadb716b00_0 .net "load", 0 0, o0x7fcadca320c8;  0 drivers
o0x7fcadca320f8 .functor BUFZ 1, C4<z>; HiZ drive
v0x7fcadb716be0_0 .net "rst", 0 0, o0x7fcadca320f8;  0 drivers
o0x7fcadca32128 .functor BUFZ 1, C4<z>; HiZ drive
v0x7fcadb716c80_0 .net "u_d", 0 0, o0x7fcadca32128;  0 drivers
E_0x7fcadb706840 .event posedge, v0x7fcadb706870_0;
    .scope S_0x7fcadb706640;
T_0 ;
    %wait E_0x7fcadb706840;
    %load/vec4 v0x7fcadb716be0_0;
    %nor/r;
    %pushi/vec4 40, 0, 8;
    %load/vec4 v0x7fcadb7169a0_0;
    %cmp/u;
    %flag_get/vec4 4;
    %flag_get/vec4 5;
    %or;
    %or;
    %load/vec4 v0x7fcadb7169a0_0;
    %cmpi/u 10, 0, 8;
    %flag_get/vec4 5;
    %or;
    %flag_set/vec4 8;
    %jmp/0xz  T_0.0, 8;
    %pushi/vec4 10, 0, 8;
    %assign/vec4 v0x7fcadb7169a0_0, 0;
    %jmp T_0.1;
T_0.0 ;
    %load/vec4 v0x7fcadb716b00_0;
    %flag_set/vec4 8;
    %jmp/0xz  T_0.2, 8;
    %load/vec4 v0x7fcadb716a50_0;
    %assign/vec4 v0x7fcadb7169a0_0, 0;
    %jmp T_0.3;
T_0.2 ;
    %load/vec4 v0x7fcadb716c80_0;
    %flag_set/vec4 8;
    %jmp/0xz  T_0.4, 8;
    %load/vec4 v0x7fcadb7169a0_0;
    %cmpi/u 40, 0, 8;
    %flag_inv 5; GE is !LT
    %flag_mov 8, 5;
    %jmp/0 T_0.6, 8;
    %pushi/vec4 10, 0, 8;
    %jmp/1 T_0.7, 8;
T_0.6 ; End of true expr.
    %load/vec4 v0x7fcadb7169a0_0;
    %addi 1, 0, 8;
    %jmp/0 T_0.7, 8;
 ; End of false expr.
    %blend;
T_0.7;
    %assign/vec4 v0x7fcadb7169a0_0, 0;
    %jmp T_0.5;
T_0.4 ;
    %load/vec4 v0x7fcadb7169a0_0;
    %cmpi/u 10, 0, 8;
    %flag_mov 8, 5;
    %jmp/0 T_0.8, 8;
    %pushi/vec4 40, 0, 8;
    %jmp/1 T_0.9, 8;
T_0.8 ; End of true expr.
    %load/vec4 v0x7fcadb7169a0_0;
    %subi 1, 0, 8;
    %jmp/0 T_0.9, 8;
 ; End of false expr.
    %blend;
T_0.9;
    %assign/vec4 v0x7fcadb7169a0_0, 0;
T_0.5 ;
T_0.3 ;
T_0.1 ;
    %jmp T_0;
    .thread T_0;
# The file index is used to find the file name in the following table.
:file_names 3;
    "N/A";
    "<interactive>";
    "counter_10to40_up_down.v";
