#! /usr/local/Cellar/icarus-verilog/11.0/bin/vvp
:ivl_version "11.0 (stable)";
:ivl_delay_selection "TYPICAL";
:vpi_time_precision + 0;
:vpi_module "/usr/local/Cellar/icarus-verilog/11.0/lib/ivl/system.vpi";
:vpi_module "/usr/local/Cellar/icarus-verilog/11.0/lib/ivl/vhdl_sys.vpi";
:vpi_module "/usr/local/Cellar/icarus-verilog/11.0/lib/ivl/vhdl_textio.vpi";
:vpi_module "/usr/local/Cellar/icarus-verilog/11.0/lib/ivl/v2005_math.vpi";
:vpi_module "/usr/local/Cellar/icarus-verilog/11.0/lib/ivl/va_math.vpi";
S_0x7f909ea04f80 .scope module, "counter_up_load" "counter_up_load" 2 5;
 .timescale 0 0;
    .port_info 0 /OUTPUT 8 "count";
    .port_info 1 /INPUT 1 "clk";
    .port_info 2 /INPUT 1 "load";
    .port_info 3 /INPUT 1 "u_d";
    .port_info 4 /INPUT 8 "data";
    .port_info 5 /INPUT 1 "rst";
L_0x7f909ea154d0 .functor BUFZ 8, v0x7f909ea150c0_0, C4<00000000>, C4<00000000>, C4<00000000>;
o0x7f909e932008 .functor BUFZ 1, C4<z>; HiZ drive
v0x7f909ea050f0_0 .net "clk", 0 0, o0x7f909e932008;  0 drivers
v0x7f909ea15020_0 .net "count", 7 0, L_0x7f909ea154d0;  1 drivers
v0x7f909ea150c0_0 .var "count_temp", 7 0;
o0x7f909e932098 .functor BUFZ 8, C4<zzzzzzzz>; HiZ drive
v0x7f909ea15170_0 .net "data", 7 0, o0x7f909e932098;  0 drivers
o0x7f909e9320c8 .functor BUFZ 1, C4<z>; HiZ drive
v0x7f909ea15220_0 .net "load", 0 0, o0x7f909e9320c8;  0 drivers
o0x7f909e9320f8 .functor BUFZ 1, C4<z>; HiZ drive
v0x7f909ea15300_0 .net "rst", 0 0, o0x7f909e9320f8;  0 drivers
o0x7f909e932128 .functor BUFZ 1, C4<z>; HiZ drive
v0x7f909ea153a0_0 .net "u_d", 0 0, o0x7f909e932128;  0 drivers
E_0x7f909ea04590 .event posedge, v0x7f909ea050f0_0;
    .scope S_0x7f909ea04f80;
T_0 ;
    %wait E_0x7f909ea04590;
    %load/vec4 v0x7f909ea15300_0;
    %nor/r;
    %flag_set/vec4 8;
    %jmp/0xz  T_0.0, 8;
    %pushi/vec4 0, 0, 8;
    %assign/vec4 v0x7f909ea150c0_0, 0;
    %jmp T_0.1;
T_0.0 ;
    %load/vec4 v0x7f909ea15220_0;
    %flag_set/vec4 8;
    %jmp/0xz  T_0.2, 8;
    %load/vec4 v0x7f909ea15170_0;
    %assign/vec4 v0x7f909ea150c0_0, 0;
    %jmp T_0.3;
T_0.2 ;
    %load/vec4 v0x7f909ea153a0_0;
    %flag_set/vec4 8;
    %jmp/0xz  T_0.4, 8;
    %load/vec4 v0x7f909ea150c0_0;
    %addi 1, 0, 8;
    %assign/vec4 v0x7f909ea150c0_0, 0;
    %jmp T_0.5;
T_0.4 ;
    %load/vec4 v0x7f909ea150c0_0;
    %subi 1, 0, 8;
    %assign/vec4 v0x7f909ea150c0_0, 0;
T_0.5 ;
T_0.3 ;
T_0.1 ;
    %jmp T_0;
    .thread T_0;
# The file index is used to find the file name in the following table.
:file_names 3;
    "N/A";
    "<interactive>";
    "counter_up_down.v";
