#! /usr/local/Cellar/icarus-verilog/11.0/bin/vvp
:ivl_version "11.0 (stable)";
:ivl_delay_selection "TYPICAL";
:vpi_time_precision + 0;
:vpi_module "/usr/local/Cellar/icarus-verilog/11.0/lib/ivl/system.vpi";
:vpi_module "/usr/local/Cellar/icarus-verilog/11.0/lib/ivl/vhdl_sys.vpi";
:vpi_module "/usr/local/Cellar/icarus-verilog/11.0/lib/ivl/vhdl_textio.vpi";
:vpi_module "/usr/local/Cellar/icarus-verilog/11.0/lib/ivl/v2005_math.vpi";
:vpi_module "/usr/local/Cellar/icarus-verilog/11.0/lib/ivl/va_math.vpi";
S_0x7f81c5a079f0 .scope module, "counter_10_to_40" "counter_10_to_40" 2 5;
 .timescale 0 0;
    .port_info 0 /OUTPUT 8 "count";
    .port_info 1 /INPUT 1 "clk";
    .port_info 2 /INPUT 1 "rst";
L_0x7f81c5914420 .functor BUFZ 8, v0x7f81c5914270_0, C4<00000000>, C4<00000000>, C4<00000000>;
o0x7f81c5b32008 .functor BUFZ 1, C4<z>; HiZ drive
v0x7f81c5904110_0 .net "clk", 0 0, o0x7f81c5b32008;  0 drivers
v0x7f81c59141c0_0 .net "count", 7 0, L_0x7f81c5914420;  1 drivers
v0x7f81c5914270_0 .var "count_temp", 7 0;
o0x7f81c5b32098 .functor BUFZ 1, C4<z>; HiZ drive
v0x7f81c5914330_0 .net "rst", 0 0, o0x7f81c5b32098;  0 drivers
E_0x7f81c59040c0 .event posedge, v0x7f81c5904110_0;
    .scope S_0x7f81c5a079f0;
T_0 ;
    %wait E_0x7f81c59040c0;
    %load/vec4 v0x7f81c5914330_0;
    %nor/r;
    %pushi/vec4 40, 0, 8;
    %load/vec4 v0x7f81c5914270_0;
    %cmp/u;
    %flag_get/vec4 4;
    %flag_get/vec4 5;
    %or;
    %or;
    %load/vec4 v0x7f81c5914270_0;
    %cmpi/u 10, 0, 8;
    %flag_get/vec4 5;
    %or;
    %flag_set/vec4 8;
    %jmp/0xz  T_0.0, 8;
    %pushi/vec4 10, 0, 8;
    %assign/vec4 v0x7f81c5914270_0, 0;
    %jmp T_0.1;
T_0.0 ;
    %load/vec4 v0x7f81c5914270_0;
    %addi 1, 0, 8;
    %assign/vec4 v0x7f81c5914270_0, 0;
T_0.1 ;
    %jmp T_0;
    .thread T_0;
# The file index is used to find the file name in the following table.
:file_names 3;
    "N/A";
    "<interactive>";
    "counter_10_to_40.v";
