#! /usr/local/Cellar/icarus-verilog/11.0/bin/vvp
:ivl_version "11.0 (stable)";
:ivl_delay_selection "TYPICAL";
:vpi_time_precision + 0;
:vpi_module "/usr/local/Cellar/icarus-verilog/11.0/lib/ivl/system.vpi";
:vpi_module "/usr/local/Cellar/icarus-verilog/11.0/lib/ivl/vhdl_sys.vpi";
:vpi_module "/usr/local/Cellar/icarus-verilog/11.0/lib/ivl/vhdl_textio.vpi";
:vpi_module "/usr/local/Cellar/icarus-verilog/11.0/lib/ivl/v2005_math.vpi";
:vpi_module "/usr/local/Cellar/icarus-verilog/11.0/lib/ivl/va_math.vpi";
S_0x7fe3be207140 .scope module, "Reg_set" "Reg_set" 2 5;
 .timescale 0 0;
    .port_info 0 /OUTPUT 8 "Q1";
    .port_info 1 /OUTPUT 8 "Q2";
    .port_info 2 /INPUT 1 "clk";
    .port_info 3 /INPUT 1 "rst";
    .port_info 4 /INPUT 8 "D1";
    .port_info 5 /INPUT 8 "D2";
o0x7fe3be332008 .functor BUFZ 8, C4<zzzzzzzz>; HiZ drive
v0x7fe3be207340_0 .net "D1", 7 0, o0x7fe3be332008;  0 drivers
o0x7fe3be332038 .functor BUFZ 8, C4<zzzzzzzz>; HiZ drive
v0x7fe3be217250_0 .net "D2", 7 0, o0x7fe3be332038;  0 drivers
v0x7fe3be2172f0_0 .var "Q1", 7 0;
v0x7fe3be2173a0_0 .var "Q2", 7 0;
o0x7fe3be3320c8 .functor BUFZ 1, C4<z>; HiZ drive
v0x7fe3be217450_0 .net "clk", 0 0, o0x7fe3be3320c8;  0 drivers
o0x7fe3be3320f8 .functor BUFZ 1, C4<z>; HiZ drive
v0x7fe3be217530_0 .net "rst", 0 0, o0x7fe3be3320f8;  0 drivers
E_0x7fe3be206310 .event posedge, v0x7fe3be217450_0;
    .scope S_0x7fe3be207140;
T_0 ;
    %wait E_0x7fe3be206310;
    %load/vec4 v0x7fe3be217530_0;
    %flag_set/vec4 8;
    %jmp/0xz  T_0.0, 8;
    %pushi/vec4 0, 0, 8;
    %assign/vec4 v0x7fe3be2172f0_0, 0;
    %pushi/vec4 0, 0, 8;
    %assign/vec4 v0x7fe3be2173a0_0, 0;
    %jmp T_0.1;
T_0.0 ;
    %load/vec4 v0x7fe3be207340_0;
    %assign/vec4 v0x7fe3be2172f0_0, 0;
    %load/vec4 v0x7fe3be217250_0;
    %assign/vec4 v0x7fe3be2173a0_0, 0;
T_0.1 ;
    %jmp T_0;
    .thread T_0;
# The file index is used to find the file name in the following table.
:file_names 3;
    "N/A";
    "<interactive>";
    "reg_set.v";
