#! /usr/local/Cellar/icarus-verilog/11.0/bin/vvp
:ivl_version "11.0 (stable)";
:ivl_delay_selection "TYPICAL";
:vpi_time_precision - 10;
:vpi_module "/usr/local/Cellar/icarus-verilog/11.0/lib/ivl/system.vpi";
:vpi_module "/usr/local/Cellar/icarus-verilog/11.0/lib/ivl/vhdl_sys.vpi";
:vpi_module "/usr/local/Cellar/icarus-verilog/11.0/lib/ivl/vhdl_textio.vpi";
:vpi_module "/usr/local/Cellar/icarus-verilog/11.0/lib/ivl/v2005_math.vpi";
:vpi_module "/usr/local/Cellar/icarus-verilog/11.0/lib/ivl/va_math.vpi";
S_0x7feb4a3042c0 .scope module, "v01_tb" "v01_tb" 2 5;
 .timescale -9 -10;
v0x7feb4a315a60_0 .net "CY", 0 0, L_0x7feb4a315f80;  1 drivers
v0x7feb4a315af0_0 .net "P", 0 0, L_0x7feb4a3167b0;  1 drivers
v0x7feb4a315b80_0 .net "S", 0 0, L_0x7feb4a316570;  1 drivers
v0x7feb4a315c10_0 .net "V", 0 0, L_0x7feb4a317340;  1 drivers
v0x7feb4a315ca0_0 .var "X", 15 0;
v0x7feb4a315d70_0 .var "Y", 15 0;
v0x7feb4a315e20_0 .net "Z", 15 0, L_0x7feb4a316060;  1 drivers
v0x7feb4a315ed0_0 .net "ZR", 0 0, L_0x7feb4a316650;  1 drivers
S_0x7feb4a304430 .scope module, "DUT" "ALU_addition" 2 9, 3 3 0, S_0x7feb4a3042c0;
 .timescale 0 0;
    .port_info 0 /INPUT 16 "X";
    .port_info 1 /INPUT 16 "Y";
    .port_info 2 /OUTPUT 16 "Z";
    .port_info 3 /OUTPUT 1 "Sign";
    .port_info 4 /OUTPUT 1 "Zero";
    .port_info 5 /OUTPUT 1 "Carry";
    .port_info 6 /OUTPUT 1 "Parity";
    .port_info 7 /OUTPUT 1 "Overflow";
L_0x7feb4a316a20 .functor AND 1, L_0x7feb4a316890, L_0x7feb4a316980, C4<1>, C4<1>;
L_0x7feb4a316bd0 .functor NOT 1, L_0x7feb4a316ad0, C4<0>, C4<0>, C4<0>;
L_0x7feb4a316c40 .functor AND 1, L_0x7feb4a316a20, L_0x7feb4a316bd0, C4<1>, C4<1>;
L_0x7feb4a316e50 .functor NOT 1, L_0x7feb4a316d30, C4<0>, C4<0>, C4<0>;
L_0x7feb4a317050 .functor NOT 1, L_0x7feb4a316ec0, C4<0>, C4<0>, C4<0>;
L_0x7feb4a3170c0 .functor AND 1, L_0x7feb4a316e50, L_0x7feb4a317050, C4<1>, C4<1>;
L_0x7feb4a317210 .functor AND 1, L_0x7feb4a3170c0, L_0x7feb4a317170, C4<1>, C4<1>;
L_0x7feb4a317340 .functor OR 1, L_0x7feb4a316c40, L_0x7feb4a317210, C4<0>, C4<0>;
v0x7feb4a3046f0_0 .net "Carry", 0 0, L_0x7feb4a315f80;  alias, 1 drivers
v0x7feb4a314760_0 .net "Overflow", 0 0, L_0x7feb4a317340;  alias, 1 drivers
v0x7feb4a314800_0 .net "Parity", 0 0, L_0x7feb4a3167b0;  alias, 1 drivers
v0x7feb4a314890_0 .net "Sign", 0 0, L_0x7feb4a316570;  alias, 1 drivers
v0x7feb4a314930_0 .net "X", 15 0, v0x7feb4a315ca0_0;  1 drivers
v0x7feb4a314a20_0 .net "Y", 15 0, v0x7feb4a315d70_0;  1 drivers
v0x7feb4a314ad0_0 .net "Z", 15 0, L_0x7feb4a316060;  alias, 1 drivers
v0x7feb4a314b80_0 .net "Zero", 0 0, L_0x7feb4a316650;  alias, 1 drivers
L_0x7feb4a163050 .functor BUFT 1, C4<0>, C4<0>, C4<0>, C4<0>;
v0x7feb4a314c20_0 .net *"_ivl_10", 0 0, L_0x7feb4a163050;  1 drivers
v0x7feb4a314d30_0 .net *"_ivl_11", 16 0, L_0x7feb4a316400;  1 drivers
v0x7feb4a314de0_0 .net *"_ivl_20", 0 0, L_0x7feb4a316890;  1 drivers
v0x7feb4a314e90_0 .net *"_ivl_22", 0 0, L_0x7feb4a316980;  1 drivers
v0x7feb4a314f40_0 .net *"_ivl_23", 0 0, L_0x7feb4a316a20;  1 drivers
v0x7feb4a314ff0_0 .net *"_ivl_26", 0 0, L_0x7feb4a316ad0;  1 drivers
v0x7feb4a3150a0_0 .net *"_ivl_27", 0 0, L_0x7feb4a316bd0;  1 drivers
v0x7feb4a315150_0 .net *"_ivl_29", 0 0, L_0x7feb4a316c40;  1 drivers
v0x7feb4a315200_0 .net *"_ivl_3", 16 0, L_0x7feb4a316180;  1 drivers
v0x7feb4a315390_0 .net *"_ivl_32", 0 0, L_0x7feb4a316d30;  1 drivers
v0x7feb4a315420_0 .net *"_ivl_33", 0 0, L_0x7feb4a316e50;  1 drivers
v0x7feb4a3154d0_0 .net *"_ivl_36", 0 0, L_0x7feb4a316ec0;  1 drivers
v0x7feb4a315580_0 .net *"_ivl_37", 0 0, L_0x7feb4a317050;  1 drivers
v0x7feb4a315630_0 .net *"_ivl_39", 0 0, L_0x7feb4a3170c0;  1 drivers
v0x7feb4a3156e0_0 .net *"_ivl_42", 0 0, L_0x7feb4a317170;  1 drivers
v0x7feb4a315790_0 .net *"_ivl_43", 0 0, L_0x7feb4a317210;  1 drivers
L_0x7feb4a163008 .functor BUFT 1, C4<0>, C4<0>, C4<0>, C4<0>;
v0x7feb4a315840_0 .net *"_ivl_6", 0 0, L_0x7feb4a163008;  1 drivers
v0x7feb4a3158f0_0 .net *"_ivl_7", 16 0, L_0x7feb4a3162c0;  1 drivers
L_0x7feb4a315f80 .part L_0x7feb4a316400, 16, 1;
L_0x7feb4a316060 .part L_0x7feb4a316400, 0, 16;
L_0x7feb4a316180 .concat [ 16 1 0 0], v0x7feb4a315ca0_0, L_0x7feb4a163008;
L_0x7feb4a3162c0 .concat [ 16 1 0 0], v0x7feb4a315d70_0, L_0x7feb4a163050;
L_0x7feb4a316400 .arith/sum 17, L_0x7feb4a316180, L_0x7feb4a3162c0;
L_0x7feb4a316570 .part L_0x7feb4a316060, 15, 1;
L_0x7feb4a316650 .reduce/nor L_0x7feb4a316060;
L_0x7feb4a3167b0 .reduce/xnor L_0x7feb4a316060;
L_0x7feb4a316890 .part v0x7feb4a315ca0_0, 15, 1;
L_0x7feb4a316980 .part v0x7feb4a315d70_0, 15, 1;
L_0x7feb4a316ad0 .part L_0x7feb4a316060, 15, 1;
L_0x7feb4a316d30 .part v0x7feb4a315ca0_0, 15, 1;
L_0x7feb4a316ec0 .part v0x7feb4a315d70_0, 15, 1;
L_0x7feb4a317170 .part L_0x7feb4a316060, 15, 1;
    .scope S_0x7feb4a3042c0;
T_0 ;
    %vpi_call 2 13 "$dumpfile", "ALU_addition_v01_tb.vcd" {0 0 0};
    %vpi_call 2 14 "$dumpvars", 32'sb00000000000000000000000000000000, S_0x7feb4a3042c0 {0 0 0};
    %vpi_call 2 15 "$monitor", "time=%d X=%h, Y=%h, Z=%h, S=%h, CY=%h, P=%h, V=%h, ZR=%h ", $time, v0x7feb4a315ca0_0, v0x7feb4a315d70_0, v0x7feb4a315e20_0, v0x7feb4a315b80_0, v0x7feb4a315a60_0, v0x7feb4a315af0_0, v0x7feb4a315c10_0, v0x7feb4a315ed0_0 {0 0 0};
    %delay 50, 0;
    %pushi/vec4 36863, 0, 16;
    %store/vec4 v0x7feb4a315ca0_0, 0, 16;
    %pushi/vec4 32768, 0, 16;
    %store/vec4 v0x7feb4a315d70_0, 0, 16;
    %delay 50, 0;
    %pushi/vec4 65534, 0, 16;
    %store/vec4 v0x7feb4a315ca0_0, 0, 16;
    %pushi/vec4 2, 0, 16;
    %store/vec4 v0x7feb4a315d70_0, 0, 16;
    %delay 50, 0;
    %pushi/vec4 43690, 0, 16;
    %store/vec4 v0x7feb4a315ca0_0, 0, 16;
    %pushi/vec4 21845, 0, 16;
    %store/vec4 v0x7feb4a315d70_0, 0, 16;
    %delay 50, 0;
    %pushi/vec4 16384, 0, 16;
    %store/vec4 v0x7feb4a315ca0_0, 0, 16;
    %pushi/vec4 16384, 0, 16;
    %store/vec4 v0x7feb4a315d70_0, 0, 16;
    %delay 50, 0;
    %vpi_call 2 20 "$finish" {0 0 0};
    %end;
    .thread T_0;
# The file index is used to find the file name in the following table.
:file_names 4;
    "N/A";
    "<interactive>";
    "ALU_addition_v01_tb.v";
    "./ALU_addition_v01.v";
