#! /usr/local/Cellar/icarus-verilog/11.0/bin/vvp
:ivl_version "11.0 (stable)";
:ivl_delay_selection "TYPICAL";
:vpi_time_precision + 0;
:vpi_module "/usr/local/Cellar/icarus-verilog/11.0/lib/ivl/system.vpi";
:vpi_module "/usr/local/Cellar/icarus-verilog/11.0/lib/ivl/vhdl_sys.vpi";
:vpi_module "/usr/local/Cellar/icarus-verilog/11.0/lib/ivl/vhdl_textio.vpi";
:vpi_module "/usr/local/Cellar/icarus-verilog/11.0/lib/ivl/v2005_math.vpi";
:vpi_module "/usr/local/Cellar/icarus-verilog/11.0/lib/ivl/va_math.vpi";
S_0x7fb021a048a0 .scope module, "SR_LR" "SR_LR" 2 6;
 .timescale 0 0;
    .port_info 0 /OUTPUT 1 "SO";
    .port_info 1 /INPUT 1 "clk";
    .port_info 2 /INPUT 1 "rst";
    .port_info 3 /INPUT 1 "SI";
o0x7fb021b32008 .functor BUFZ 1, C4<z>; HiZ drive
v0x7fb021a04a20_0 .net "SI", 0 0, o0x7fb021b32008;  0 drivers
v0x7fb021906670_0 .net "SO", 0 0, L_0x7fb0219069a0;  1 drivers
v0x7fb021906720_0 .var "SR", 4 0;
o0x7fb021b32098 .functor BUFZ 1, C4<z>; HiZ drive
v0x7fb0219067e0_0 .net "clk", 0 0, o0x7fb021b32098;  0 drivers
o0x7fb021b320c8 .functor BUFZ 1, C4<z>; HiZ drive
v0x7fb021906880_0 .net "rst", 0 0, o0x7fb021b320c8;  0 drivers
E_0x7fb021a05760/0 .event negedge, v0x7fb021906880_0;
E_0x7fb021a05760/1 .event posedge, v0x7fb0219067e0_0;
E_0x7fb021a05760 .event/or E_0x7fb021a05760/0, E_0x7fb021a05760/1;
L_0x7fb0219069a0 .part v0x7fb021906720_0, 4, 1;
    .scope S_0x7fb021a048a0;
T_0 ;
    %wait E_0x7fb021a05760;
    %load/vec4 v0x7fb021906880_0;
    %nor/r;
    %flag_set/vec4 8;
    %jmp/0xz  T_0.0, 8;
    %pushi/vec4 0, 0, 5;
    %assign/vec4 v0x7fb021906720_0, 0;
    %jmp T_0.1;
T_0.0 ;
    %load/vec4 v0x7fb021906720_0;
    %parti/s 4, 0, 2;
    %load/vec4 v0x7fb021a04a20_0;
    %concat/vec4; draw_concat_vec4
    %assign/vec4 v0x7fb021906720_0, 0;
T_0.1 ;
    %jmp T_0;
    .thread T_0;
# The file index is used to find the file name in the following table.
:file_names 3;
    "N/A";
    "<interactive>";
    "SR_LR.v";
