#! /usr/local/Cellar/icarus-verilog/11.0/bin/vvp
:ivl_version "11.0 (stable)";
:ivl_delay_selection "TYPICAL";
:vpi_time_precision + 0;
:vpi_module "/usr/local/Cellar/icarus-verilog/11.0/lib/ivl/system.vpi";
:vpi_module "/usr/local/Cellar/icarus-verilog/11.0/lib/ivl/vhdl_sys.vpi";
:vpi_module "/usr/local/Cellar/icarus-verilog/11.0/lib/ivl/vhdl_textio.vpi";
:vpi_module "/usr/local/Cellar/icarus-verilog/11.0/lib/ivl/v2005_math.vpi";
:vpi_module "/usr/local/Cellar/icarus-verilog/11.0/lib/ivl/va_math.vpi";
S_0x7f8a89f06610 .scope module, "USR" "USR" 2 5;
 .timescale 0 0;
    .port_info 0 /OUTPUT 5 "PO";
    .port_info 1 /OUTPUT 1 "SO";
    .port_info 2 /INPUT 2 "sel";
    .port_info 3 /INPUT 1 "clk";
    .port_info 4 /INPUT 1 "rst";
    .port_info 5 /INPUT 5 "PI";
    .port_info 6 /INPUT 1 "SI";
o0x7f8a8b132008 .functor BUFZ 5, C4<zzzzz>; HiZ drive
v0x7f8a89f06860_0 .net "PI", 4 0, o0x7f8a8b132008;  0 drivers
v0x7f8a8b308af0_0 .var "PO", 4 0;
o0x7f8a8b132068 .functor BUFZ 1, C4<z>; HiZ drive
v0x7f8a8b308bb0_0 .net "SI", 0 0, o0x7f8a8b132068;  0 drivers
v0x7f8a8b308c60_0 .net "SO", 0 0, L_0x7f8a8b3095b0;  1 drivers
L_0x7f8a8b163008 .functor BUFT 1, C4<01>, C4<0>, C4<0>, C4<0>;
v0x7f8a8b308d00_0 .net/2u *"_ivl_0", 1 0, L_0x7f8a8b163008;  1 drivers
v0x7f8a8b308df0_0 .net *"_ivl_2", 0 0, L_0x7f8a8b3092d0;  1 drivers
v0x7f8a8b308e90_0 .net *"_ivl_5", 0 0, L_0x7f8a8b3093f0;  1 drivers
v0x7f8a8b308f40_0 .net *"_ivl_7", 0 0, L_0x7f8a8b3094b0;  1 drivers
o0x7f8a8b132188 .functor BUFZ 1, C4<z>; HiZ drive
v0x7f8a8b308ff0_0 .net "clk", 0 0, o0x7f8a8b132188;  0 drivers
o0x7f8a8b1321b8 .functor BUFZ 1, C4<z>; HiZ drive
v0x7f8a8b309100_0 .net "rst", 0 0, o0x7f8a8b1321b8;  0 drivers
o0x7f8a8b1321e8 .functor BUFZ 2, C4<zz>; HiZ drive
v0x7f8a8b309190_0 .net "sel", 1 0, o0x7f8a8b1321e8;  0 drivers
E_0x7f8a89f06830 .event posedge, v0x7f8a8b308ff0_0;
L_0x7f8a8b3092d0 .cmp/eq 2, o0x7f8a8b1321e8, L_0x7f8a8b163008;
L_0x7f8a8b3093f0 .part v0x7f8a8b308af0_0, 4, 1;
L_0x7f8a8b3094b0 .part v0x7f8a8b308af0_0, 0, 1;
L_0x7f8a8b3095b0 .functor MUXZ 1, L_0x7f8a8b3094b0, L_0x7f8a8b3093f0, L_0x7f8a8b3092d0, C4<>;
    .scope S_0x7f8a89f06610;
T_0 ;
    %wait E_0x7f8a89f06830;
    %load/vec4 v0x7f8a8b309100_0;
    %flag_set/vec4 8;
    %jmp/0xz  T_0.0, 8;
    %pushi/vec4 0, 0, 5;
    %assign/vec4 v0x7f8a8b308af0_0, 0;
    %jmp T_0.1;
T_0.0 ;
    %load/vec4 v0x7f8a8b309190_0;
    %dup/vec4;
    %pushi/vec4 0, 0, 2;
    %cmp/u;
    %jmp/1 T_0.2, 6;
    %dup/vec4;
    %pushi/vec4 0, 0, 2;
    %cmp/u;
    %jmp/1 T_0.3, 6;
    %dup/vec4;
    %pushi/vec4 0, 0, 2;
    %cmp/u;
    %jmp/1 T_0.4, 6;
    %dup/vec4;
    %pushi/vec4 0, 0, 2;
    %cmp/u;
    %jmp/1 T_0.5, 6;
    %pushi/vec4 0, 0, 5;
    %assign/vec4 v0x7f8a8b308af0_0, 0;
    %jmp T_0.7;
T_0.2 ;
    %load/vec4 v0x7f8a8b308af0_0;
    %assign/vec4 v0x7f8a8b308af0_0, 0;
    %jmp T_0.7;
T_0.3 ;
    %load/vec4 v0x7f8a8b308af0_0;
    %parti/s 4, 0, 2;
    %load/vec4 v0x7f8a8b308bb0_0;
    %concat/vec4; draw_concat_vec4
    %assign/vec4 v0x7f8a8b308af0_0, 0;
    %jmp T_0.7;
T_0.4 ;
    %load/vec4 v0x7f8a8b308bb0_0;
    %load/vec4 v0x7f8a8b308af0_0;
    %parti/s 4, 1, 2;
    %concat/vec4; draw_concat_vec4
    %assign/vec4 v0x7f8a8b308af0_0, 0;
    %jmp T_0.7;
T_0.5 ;
    %load/vec4 v0x7f8a89f06860_0;
    %assign/vec4 v0x7f8a8b308af0_0, 0;
    %jmp T_0.7;
T_0.7 ;
    %pop/vec4 1;
T_0.1 ;
    %jmp T_0;
    .thread T_0;
# The file index is used to find the file name in the following table.
:file_names 3;
    "N/A";
    "<interactive>";
    "USR.v";
