#! /usr/local/Cellar/icarus-verilog/11.0/bin/vvp
:ivl_version "11.0 (stable)";
:ivl_delay_selection "TYPICAL";
:vpi_time_precision + 0;
:vpi_module "/usr/local/Cellar/icarus-verilog/11.0/lib/ivl/system.vpi";
:vpi_module "/usr/local/Cellar/icarus-verilog/11.0/lib/ivl/vhdl_sys.vpi";
:vpi_module "/usr/local/Cellar/icarus-verilog/11.0/lib/ivl/vhdl_textio.vpi";
:vpi_module "/usr/local/Cellar/icarus-verilog/11.0/lib/ivl/v2005_math.vpi";
:vpi_module "/usr/local/Cellar/icarus-verilog/11.0/lib/ivl/va_math.vpi";
S_0x7fe9e2006690 .scope module, "decode_2_4_df" "decode_2_4_df" 2 5;
 .timescale 0 0;
    .port_info 0 /OUTPUT 4 "Y";
    .port_info 1 /INPUT 2 "I";
    .port_info 2 /INPUT 1 "En";
o0x7fe9e2232008 .functor BUFZ 1, C4<z>; HiZ drive
v0x7fe9e2005090_0 .net "En", 0 0, o0x7fe9e2232008;  0 drivers
o0x7fe9e2232038 .functor BUFZ 2, C4<zz>; HiZ drive
v0x7fe9e20167b0_0 .net "I", 1 0, o0x7fe9e2232038;  0 drivers
v0x7fe9e2016850_0 .var "Y", 3 0;
E_0x7fe9e2004f40 .event edge, v0x7fe9e2005090_0, v0x7fe9e20167b0_0;
    .scope S_0x7fe9e2006690;
T_0 ;
    %wait E_0x7fe9e2004f40;
    %load/vec4 v0x7fe9e2005090_0;
    %load/vec4 v0x7fe9e20167b0_0;
    %concat/vec4; draw_concat_vec4
    %dup/vec4;
    %pushi/vec4 4, 0, 3;
    %cmp/u;
    %jmp/1 T_0.0, 6;
    %dup/vec4;
    %pushi/vec4 5, 0, 3;
    %cmp/u;
    %jmp/1 T_0.1, 6;
    %dup/vec4;
    %pushi/vec4 6, 0, 3;
    %cmp/u;
    %jmp/1 T_0.2, 6;
    %dup/vec4;
    %pushi/vec4 7, 0, 3;
    %cmp/u;
    %jmp/1 T_0.3, 6;
    %dup/vec4;
    %pushi/vec4 0, 0, 3;
    %cmp/u;
    %jmp/1 T_0.4, 6;
    %dup/vec4;
    %pushi/vec4 1, 0, 3;
    %cmp/u;
    %jmp/1 T_0.5, 6;
    %dup/vec4;
    %pushi/vec4 2, 0, 3;
    %cmp/u;
    %jmp/1 T_0.6, 6;
    %dup/vec4;
    %pushi/vec4 3, 0, 3;
    %cmp/u;
    %jmp/1 T_0.7, 6;
    %vpi_call 2 20 "$display", "error" {0 0 0};
    %jmp T_0.9;
T_0.0 ;
    %pushi/vec4 1, 0, 4;
    %store/vec4 v0x7fe9e2016850_0, 0, 4;
    %jmp T_0.9;
T_0.1 ;
    %pushi/vec4 2, 0, 4;
    %store/vec4 v0x7fe9e2016850_0, 0, 4;
    %jmp T_0.9;
T_0.2 ;
    %pushi/vec4 4, 0, 4;
    %store/vec4 v0x7fe9e2016850_0, 0, 4;
    %jmp T_0.9;
T_0.3 ;
    %pushi/vec4 8, 0, 4;
    %store/vec4 v0x7fe9e2016850_0, 0, 4;
    %jmp T_0.9;
T_0.4 ;
    %pushi/vec4 1, 0, 4;
    %store/vec4 v0x7fe9e2016850_0, 0, 4;
    %jmp T_0.9;
T_0.5 ;
    %pushi/vec4 1, 0, 4;
    %store/vec4 v0x7fe9e2016850_0, 0, 4;
    %jmp T_0.9;
T_0.6 ;
    %pushi/vec4 1, 0, 4;
    %store/vec4 v0x7fe9e2016850_0, 0, 4;
    %jmp T_0.9;
T_0.7 ;
    %pushi/vec4 1, 0, 4;
    %store/vec4 v0x7fe9e2016850_0, 0, 4;
    %jmp T_0.9;
T_0.9 ;
    %pop/vec4 1;
    %jmp T_0;
    .thread T_0, $push;
# The file index is used to find the file name in the following table.
:file_names 3;
    "N/A";
    "<interactive>";
    "decode_2_4_bh.v";
