#! /usr/local/Cellar/icarus-verilog/11.0/bin/vvp
:ivl_version "11.0 (stable)";
:ivl_delay_selection "TYPICAL";
:vpi_time_precision + 0;
:vpi_module "/usr/local/Cellar/icarus-verilog/11.0/lib/ivl/system.vpi";
:vpi_module "/usr/local/Cellar/icarus-verilog/11.0/lib/ivl/vhdl_sys.vpi";
:vpi_module "/usr/local/Cellar/icarus-verilog/11.0/lib/ivl/vhdl_textio.vpi";
:vpi_module "/usr/local/Cellar/icarus-verilog/11.0/lib/ivl/v2005_math.vpi";
:vpi_module "/usr/local/Cellar/icarus-verilog/11.0/lib/ivl/va_math.vpi";
S_0x7f92e6909830 .scope module, "decode_2_4_df" "decode_2_4_df" 2 5;
 .timescale 0 0;
    .port_info 0 /OUTPUT 4 "Y";
    .port_info 1 /INPUT 2 "I";
    .port_info 2 /INPUT 1 "En";
o0x7f92e6a32008 .functor BUFZ 1, C4<z>; HiZ drive
L_0x7f92e691ab80 .functor AND 1, o0x7f92e6a32008, L_0x7f92e691aae0, C4<1>, C4<1>;
L_0x7f92e691ad10 .functor AND 1, L_0x7f92e691ab80, L_0x7f92e691ac30, C4<1>, C4<1>;
L_0x7f92e691aec0 .functor AND 1, o0x7f92e6a32008, L_0x7f92e691ae20, C4<1>, C4<1>;
L_0x7f92e691b110 .functor NOT 1, L_0x7f92e691aff0, C4<0>, C4<0>, C4<0>;
L_0x7f92e691b1a0 .functor AND 1, L_0x7f92e691aec0, L_0x7f92e691b110, C4<1>, C4<1>;
L_0x7f92e691b380 .functor NOT 1, L_0x7f92e691b2b0, C4<0>, C4<0>, C4<0>;
L_0x7f92e691b430 .functor AND 1, o0x7f92e6a32008, L_0x7f92e691b380, C4<1>, C4<1>;
L_0x7f92e691b5c0 .functor AND 1, L_0x7f92e691b430, L_0x7f92e691b520, C4<1>, C4<1>;
L_0x7f92e691b7b0 .functor NOT 1, L_0x7f92e691b6d0, C4<0>, C4<0>, C4<0>;
L_0x7f92e691b8b0 .functor AND 1, o0x7f92e6a32008, L_0x7f92e691b7b0, C4<1>, C4<1>;
L_0x7f92e691bb40 .functor NOT 1, L_0x7f92e691b9a0, C4<0>, C4<0>, C4<0>;
L_0x7f92e691bc10 .functor AND 1, L_0x7f92e691b8b0, L_0x7f92e691bb40, C4<1>, C4<1>;
v0x7f92e69099a0_0 .net "En", 0 0, o0x7f92e6a32008;  0 drivers
o0x7f92e6a32038 .functor BUFZ 2, C4<zz>; HiZ drive
v0x7f92e6919a20_0 .net "I", 1 0, o0x7f92e6a32038;  0 drivers
v0x7f92e6919ac0_0 .net "Y", 3 0, L_0x7f92e691bc80;  1 drivers
v0x7f92e6919b70_0 .net *"_ivl_1", 0 0, L_0x7f92e691aae0;  1 drivers
v0x7f92e6919c20_0 .net *"_ivl_10", 0 0, L_0x7f92e691aec0;  1 drivers
v0x7f92e6919d10_0 .net *"_ivl_13", 0 0, L_0x7f92e691aff0;  1 drivers
v0x7f92e6919dc0_0 .net *"_ivl_14", 0 0, L_0x7f92e691b110;  1 drivers
v0x7f92e6919e70_0 .net *"_ivl_16", 0 0, L_0x7f92e691b1a0;  1 drivers
v0x7f92e6919f20_0 .net *"_ivl_19", 0 0, L_0x7f92e691b2b0;  1 drivers
v0x7f92e691a030_0 .net *"_ivl_2", 0 0, L_0x7f92e691ab80;  1 drivers
v0x7f92e691a0e0_0 .net *"_ivl_20", 0 0, L_0x7f92e691b380;  1 drivers
v0x7f92e691a190_0 .net *"_ivl_22", 0 0, L_0x7f92e691b430;  1 drivers
v0x7f92e691a240_0 .net *"_ivl_25", 0 0, L_0x7f92e691b520;  1 drivers
v0x7f92e691a2f0_0 .net *"_ivl_26", 0 0, L_0x7f92e691b5c0;  1 drivers
v0x7f92e691a3a0_0 .net *"_ivl_29", 0 0, L_0x7f92e691b6d0;  1 drivers
v0x7f92e691a450_0 .net *"_ivl_30", 0 0, L_0x7f92e691b7b0;  1 drivers
v0x7f92e691a500_0 .net *"_ivl_32", 0 0, L_0x7f92e691b8b0;  1 drivers
v0x7f92e691a690_0 .net *"_ivl_35", 0 0, L_0x7f92e691b9a0;  1 drivers
v0x7f92e691a720_0 .net *"_ivl_36", 0 0, L_0x7f92e691bb40;  1 drivers
v0x7f92e691a7d0_0 .net *"_ivl_38", 0 0, L_0x7f92e691bc10;  1 drivers
v0x7f92e691a880_0 .net *"_ivl_5", 0 0, L_0x7f92e691ac30;  1 drivers
v0x7f92e691a930_0 .net *"_ivl_6", 0 0, L_0x7f92e691ad10;  1 drivers
v0x7f92e691a9e0_0 .net *"_ivl_9", 0 0, L_0x7f92e691ae20;  1 drivers
L_0x7f92e691aae0 .part o0x7f92e6a32038, 0, 1;
L_0x7f92e691ac30 .part o0x7f92e6a32038, 1, 1;
L_0x7f92e691ae20 .part o0x7f92e6a32038, 0, 1;
L_0x7f92e691aff0 .part o0x7f92e6a32038, 1, 1;
L_0x7f92e691b2b0 .part o0x7f92e6a32038, 0, 1;
L_0x7f92e691b520 .part o0x7f92e6a32038, 1, 1;
L_0x7f92e691b6d0 .part o0x7f92e6a32038, 0, 1;
L_0x7f92e691b9a0 .part o0x7f92e6a32038, 1, 1;
L_0x7f92e691bc80 .concat [ 1 1 1 1], L_0x7f92e691bc10, L_0x7f92e691b5c0, L_0x7f92e691b1a0, L_0x7f92e691ad10;
# The file index is used to find the file name in the following table.
:file_names 3;
    "N/A";
    "<interactive>";
    "decode_2_4_df.v";
