#! /usr/local/Cellar/icarus-verilog/11.0/bin/vvp
:ivl_version "11.0 (stable)";
:ivl_delay_selection "TYPICAL";
:vpi_time_precision + 0;
:vpi_module "/usr/local/Cellar/icarus-verilog/11.0/lib/ivl/system.vpi";
:vpi_module "/usr/local/Cellar/icarus-verilog/11.0/lib/ivl/vhdl_sys.vpi";
:vpi_module "/usr/local/Cellar/icarus-verilog/11.0/lib/ivl/vhdl_textio.vpi";
:vpi_module "/usr/local/Cellar/icarus-verilog/11.0/lib/ivl/v2005_math.vpi";
:vpi_module "/usr/local/Cellar/icarus-verilog/11.0/lib/ivl/va_math.vpi";
S_0x7f9e15707210 .scope module, "freq_div_4" "freq_div_4" 2 5;
 .timescale 0 0;
    .port_info 0 /OUTPUT 1 "clk_4";
    .port_info 1 /INPUT 1 "clk";
    .port_info 2 /INPUT 1 "rst";
o0x7f9e16132008 .functor BUFZ 1, C4<z>; HiZ drive
v0x7f9e160042d0_0 .net "clk", 0 0, o0x7f9e16132008;  0 drivers
v0x7f9e16204400_0 .var "clk_2", 0 0;
v0x7f9e16205fc0_0 .var "clk_4", 0 0;
o0x7f9e16132098 .functor BUFZ 1, C4<z>; HiZ drive
v0x7f9e16206050_0 .net "rst", 0 0, o0x7f9e16132098;  0 drivers
E_0x7f9e16004250 .event posedge, v0x7f9e16204400_0;
E_0x7f9e16004290 .event posedge, v0x7f9e160042d0_0;
    .scope S_0x7f9e15707210;
T_0 ;
    %wait E_0x7f9e16004290;
    %load/vec4 v0x7f9e16206050_0;
    %flag_set/vec4 8;
    %jmp/0xz  T_0.0, 8;
    %pushi/vec4 0, 0, 1;
    %assign/vec4 v0x7f9e16204400_0, 0;
    %jmp T_0.1;
T_0.0 ;
    %load/vec4 v0x7f9e16204400_0;
    %inv;
    %assign/vec4 v0x7f9e16204400_0, 0;
T_0.1 ;
    %jmp T_0;
    .thread T_0;
    .scope S_0x7f9e15707210;
T_1 ;
    %wait E_0x7f9e16004250;
    %load/vec4 v0x7f9e16206050_0;
    %flag_set/vec4 8;
    %jmp/0xz  T_1.0, 8;
    %pushi/vec4 0, 0, 1;
    %assign/vec4 v0x7f9e16205fc0_0, 0;
    %jmp T_1.1;
T_1.0 ;
    %load/vec4 v0x7f9e16205fc0_0;
    %inv;
    %assign/vec4 v0x7f9e16205fc0_0, 0;
T_1.1 ;
    %jmp T_1;
    .thread T_1;
# The file index is used to find the file name in the following table.
:file_names 3;
    "N/A";
    "<interactive>";
    "freq_div_4.v";
