#! /usr/local/Cellar/icarus-verilog/11.0/bin/vvp
:ivl_version "11.0 (stable)";
:ivl_delay_selection "TYPICAL";
:vpi_time_precision + 0;
:vpi_module "/usr/local/Cellar/icarus-verilog/11.0/lib/ivl/system.vpi";
:vpi_module "/usr/local/Cellar/icarus-verilog/11.0/lib/ivl/vhdl_sys.vpi";
:vpi_module "/usr/local/Cellar/icarus-verilog/11.0/lib/ivl/vhdl_textio.vpi";
:vpi_module "/usr/local/Cellar/icarus-verilog/11.0/lib/ivl/v2005_math.vpi";
:vpi_module "/usr/local/Cellar/icarus-verilog/11.0/lib/ivl/va_math.vpi";
S_0x7fb4e28058c0 .scope module, "freq_div_2" "freq_div_2" 2 5;
 .timescale 0 0;
    .port_info 0 /OUTPUT 1 "clk_out";
    .port_info 1 /INPUT 1 "clk";
    .port_info 2 /INPUT 1 "rst";
o0x7fb4e2a32008 .functor BUFZ 1, C4<z>; HiZ drive
v0x7fb4e2805ae0_0 .net "clk", 0 0, o0x7fb4e2a32008;  0 drivers
v0x7fb4e2815b90_0 .var "clk_out", 0 0;
o0x7fb4e2a32068 .functor BUFZ 1, C4<z>; HiZ drive
v0x7fb4e2815c30_0 .net "rst", 0 0, o0x7fb4e2a32068;  0 drivers
E_0x7fb4e2805a90 .event posedge, v0x7fb4e2805ae0_0;
    .scope S_0x7fb4e28058c0;
T_0 ;
    %wait E_0x7fb4e2805a90;
    %load/vec4 v0x7fb4e2815c30_0;
    %flag_set/vec4 8;
    %jmp/0xz  T_0.0, 8;
    %pushi/vec4 0, 0, 1;
    %assign/vec4 v0x7fb4e2815b90_0, 0;
    %jmp T_0.1;
T_0.0 ;
    %load/vec4 v0x7fb4e2815b90_0;
    %inv;
    %assign/vec4 v0x7fb4e2815b90_0, 0;
T_0.1 ;
    %jmp T_0;
    .thread T_0;
# The file index is used to find the file name in the following table.
:file_names 3;
    "N/A";
    "<interactive>";
    "freq_div_2.v";
