#! /usr/local/Cellar/icarus-verilog/11.0/bin/vvp
:ivl_version "11.0 (stable)";
:ivl_delay_selection "TYPICAL";
:vpi_time_precision + 0;
:vpi_module "/usr/local/Cellar/icarus-verilog/11.0/lib/ivl/system.vpi";
:vpi_module "/usr/local/Cellar/icarus-verilog/11.0/lib/ivl/vhdl_sys.vpi";
:vpi_module "/usr/local/Cellar/icarus-verilog/11.0/lib/ivl/vhdl_textio.vpi";
:vpi_module "/usr/local/Cellar/icarus-verilog/11.0/lib/ivl/v2005_math.vpi";
:vpi_module "/usr/local/Cellar/icarus-verilog/11.0/lib/ivl/va_math.vpi";
S_0x7fe3d3706740 .scope module, "mux_4_1_df" "mux_4_1_df" 2 5;
 .timescale 0 0;
    .port_info 0 /OUTPUT 1 "o";
    .port_info 1 /INPUT 4 "i";
    .port_info 2 /INPUT 1 "s";
o0x7fe3d4932008 .functor BUFZ 4, C4<zzzz>; HiZ drive
v0x7fe3d3706900_0 .net "i", 3 0, o0x7fe3d4932008;  0 drivers
v0x7fe3d3716970_0 .net "o", 0 0, L_0x7fe3d3716af0;  1 drivers
o0x7fe3d4932068 .functor BUFZ 1, C4<z>; HiZ drive
v0x7fe3d3716a10_0 .net "s", 0 0, o0x7fe3d4932068;  0 drivers
L_0x7fe3d3716af0 .part/v o0x7fe3d4932008, o0x7fe3d4932068, 1;
# The file index is used to find the file name in the following table.
:file_names 3;
    "N/A";
    "<interactive>";
    "mux_4_1_df.v";
