#! /usr/local/Cellar/icarus-verilog/11.0/bin/vvp
:ivl_version "11.0 (stable)";
:ivl_delay_selection "TYPICAL";
:vpi_time_precision + 0;
:vpi_module "/usr/local/Cellar/icarus-verilog/11.0/lib/ivl/system.vpi";
:vpi_module "/usr/local/Cellar/icarus-verilog/11.0/lib/ivl/vhdl_sys.vpi";
:vpi_module "/usr/local/Cellar/icarus-verilog/11.0/lib/ivl/vhdl_textio.vpi";
:vpi_module "/usr/local/Cellar/icarus-verilog/11.0/lib/ivl/v2005_math.vpi";
:vpi_module "/usr/local/Cellar/icarus-verilog/11.0/lib/ivl/va_math.vpi";
S_0x7ff2b2205930 .scope module, "mux_4_1_bh" "mux_4_1_bh" 2 5;
 .timescale 0 0;
    .port_info 0 /OUTPUT 1 "o";
    .port_info 1 /INPUT 4 "i";
    .port_info 2 /INPUT 1 "s";
o0x7ff2b2332008 .functor BUFZ 4, C4<zzzz>; HiZ drive
v0x7ff2b2205aa0_0 .net "i", 3 0, o0x7ff2b2332008;  0 drivers
v0x7ff2b2215ae0_0 .var "o", 0 0;
o0x7ff2b2332068 .functor BUFZ 1, C4<z>; HiZ drive
v0x7ff2b2215b80_0 .net "s", 0 0, o0x7ff2b2332068;  0 drivers
E_0x7ff2b2204960 .event edge, v0x7ff2b2215b80_0, v0x7ff2b2205aa0_0;
    .scope S_0x7ff2b2205930;
T_0 ;
    %wait E_0x7ff2b2204960;
    %load/vec4 v0x7ff2b2215b80_0;
    %pad/u 2;
    %dup/vec4;
    %pushi/vec4 0, 0, 2;
    %cmp/u;
    %jmp/1 T_0.0, 6;
    %dup/vec4;
    %pushi/vec4 1, 0, 2;
    %cmp/u;
    %jmp/1 T_0.1, 6;
    %dup/vec4;
    %pushi/vec4 2, 0, 2;
    %cmp/u;
    %jmp/1 T_0.2, 6;
    %dup/vec4;
    %pushi/vec4 3, 0, 2;
    %cmp/u;
    %jmp/1 T_0.3, 6;
    %vpi_call 2 16 "$display", "error" {0 0 0};
    %jmp T_0.5;
T_0.0 ;
    %load/vec4 v0x7ff2b2205aa0_0;
    %parti/s 1, 0, 2;
    %store/vec4 v0x7ff2b2215ae0_0, 0, 1;
    %jmp T_0.5;
T_0.1 ;
    %load/vec4 v0x7ff2b2205aa0_0;
    %parti/s 1, 1, 2;
    %store/vec4 v0x7ff2b2215ae0_0, 0, 1;
    %jmp T_0.5;
T_0.2 ;
    %load/vec4 v0x7ff2b2205aa0_0;
    %parti/s 1, 2, 3;
    %store/vec4 v0x7ff2b2215ae0_0, 0, 1;
    %jmp T_0.5;
T_0.3 ;
    %load/vec4 v0x7ff2b2205aa0_0;
    %parti/s 1, 3, 3;
    %store/vec4 v0x7ff2b2215ae0_0, 0, 1;
    %jmp T_0.5;
T_0.5 ;
    %pop/vec4 1;
    %jmp T_0;
    .thread T_0, $push;
# The file index is used to find the file name in the following table.
:file_names 3;
    "N/A";
    "<interactive>";
    "mux_4_1_bh.v";
