#! /usr/local/Cellar/icarus-verilog/11.0/bin/vvp
:ivl_version "11.0 (stable)";
:ivl_delay_selection "TYPICAL";
:vpi_time_precision + 0;
:vpi_module "/usr/local/Cellar/icarus-verilog/11.0/lib/ivl/system.vpi";
:vpi_module "/usr/local/Cellar/icarus-verilog/11.0/lib/ivl/vhdl_sys.vpi";
:vpi_module "/usr/local/Cellar/icarus-verilog/11.0/lib/ivl/vhdl_textio.vpi";
:vpi_module "/usr/local/Cellar/icarus-verilog/11.0/lib/ivl/v2005_math.vpi";
:vpi_module "/usr/local/Cellar/icarus-verilog/11.0/lib/ivl/va_math.vpi";
S_0x7fadcd807620 .scope module, "full_adder_4bit_bh" "full_adder_4bit_bh" 2 5;
 .timescale 0 0;
    .port_info 0 /OUTPUT 4 "s";
    .port_info 1 /OUTPUT 1 "co";
    .port_info 2 /INPUT 4 "a";
    .port_info 3 /INPUT 4 "b";
    .port_info 4 /INPUT 1 "ci";
o0x7fadcdb32008 .functor BUFZ 4, C4<zzzz>; HiZ drive
v0x7fadcd807810_0 .net "a", 3 0, o0x7fadcdb32008;  0 drivers
o0x7fadcdb32038 .functor BUFZ 4, C4<zzzz>; HiZ drive
v0x7fadcd817710_0 .net "b", 3 0, o0x7fadcdb32038;  0 drivers
o0x7fadcdb32068 .functor BUFZ 1, C4<z>; HiZ drive
v0x7fadcd8177c0_0 .net "ci", 0 0, o0x7fadcdb32068;  0 drivers
v0x7fadcd817870_0 .var "co", 0 0;
v0x7fadcd817910_0 .var "s", 3 0;
E_0x7fadcd806720 .event edge, v0x7fadcd8177c0_0, v0x7fadcd817710_0, v0x7fadcd807810_0;
    .scope S_0x7fadcd807620;
T_0 ;
    %wait E_0x7fadcd806720;
    %load/vec4 v0x7fadcd807810_0;
    %pad/u 5;
    %load/vec4 v0x7fadcd817710_0;
    %pad/u 5;
    %add;
    %load/vec4 v0x7fadcd8177c0_0;
    %pad/u 5;
    %add;
    %split/vec4 4;
    %store/vec4 v0x7fadcd817910_0, 0, 4;
    %store/vec4 v0x7fadcd817870_0, 0, 1;
    %jmp T_0;
    .thread T_0, $push;
# The file index is used to find the file name in the following table.
:file_names 3;
    "N/A";
    "<interactive>";
    "full_adder_4bit_bh.v";
