#! /usr/local/Cellar/icarus-verilog/11.0/bin/vvp
:ivl_version "11.0 (stable)";
:ivl_delay_selection "TYPICAL";
:vpi_time_precision + 0;
:vpi_module "/usr/local/Cellar/icarus-verilog/11.0/lib/ivl/system.vpi";
:vpi_module "/usr/local/Cellar/icarus-verilog/11.0/lib/ivl/vhdl_sys.vpi";
:vpi_module "/usr/local/Cellar/icarus-verilog/11.0/lib/ivl/vhdl_textio.vpi";
:vpi_module "/usr/local/Cellar/icarus-verilog/11.0/lib/ivl/v2005_math.vpi";
:vpi_module "/usr/local/Cellar/icarus-verilog/11.0/lib/ivl/va_math.vpi";
S_0x7f83a9704ca0 .scope module, "full_adder_df" "full_adder_df" 2 1;
 .timescale 0 0;
    .port_info 0 /OUTPUT 1 "s";
    .port_info 1 /OUTPUT 1 "co";
    .port_info 2 /INPUT 1 "a";
    .port_info 3 /INPUT 1 "b";
    .port_info 4 /INPUT 1 "ci";
o0x7f83aa2320f8 .functor BUFZ 1, C4<z>; HiZ drive
o0x7f83aa232128 .functor BUFZ 1, C4<z>; HiZ drive
L_0x7f83a9718ce0 .functor XOR 1, o0x7f83aa2320f8, o0x7f83aa232128, C4<0>, C4<0>;
o0x7f83aa232158 .functor BUFZ 1, C4<z>; HiZ drive
L_0x7f83a9718d70 .functor XOR 1, L_0x7f83a9718ce0, o0x7f83aa232158, C4<0>, C4<0>;
L_0x7f83a9718e60 .functor AND 1, o0x7f83aa2320f8, o0x7f83aa232128, C4<1>, C4<1>;
L_0x7f83a9718f90 .functor AND 1, o0x7f83aa232128, o0x7f83aa232158, C4<1>, C4<1>;
L_0x7f83a9719060 .functor OR 1, L_0x7f83a9718e60, L_0x7f83a9718f90, C4<0>, C4<0>;
L_0x7f83a97191a0 .functor AND 1, o0x7f83aa232158, o0x7f83aa2320f8, C4<1>, C4<1>;
L_0x7f83a9719210 .functor OR 1, L_0x7f83a9719060, L_0x7f83a97191a0, C4<0>, C4<0>;
v0x7f83a97085a0_0 .net *"_ivl_0", 0 0, L_0x7f83a9718ce0;  1 drivers
v0x7f83a97185f0_0 .net *"_ivl_10", 0 0, L_0x7f83a97191a0;  1 drivers
v0x7f83a9718690_0 .net *"_ivl_4", 0 0, L_0x7f83a9718e60;  1 drivers
v0x7f83a9718740_0 .net *"_ivl_6", 0 0, L_0x7f83a9718f90;  1 drivers
v0x7f83a97187f0_0 .net *"_ivl_8", 0 0, L_0x7f83a9719060;  1 drivers
v0x7f83a97188e0_0 .net "a", 0 0, o0x7f83aa2320f8;  0 drivers
v0x7f83a9718980_0 .net "b", 0 0, o0x7f83aa232128;  0 drivers
v0x7f83a9718a20_0 .net "ci", 0 0, o0x7f83aa232158;  0 drivers
v0x7f83a9718ac0_0 .net "co", 0 0, L_0x7f83a9719210;  1 drivers
v0x7f83a9718bd0_0 .net "s", 0 0, L_0x7f83a9718d70;  1 drivers
# The file index is used to find the file name in the following table.
:file_names 3;
    "N/A";
    "<interactive>";
    "full_adder_df.v";
