#! /usr/local/Cellar/icarus-verilog/11.0/bin/vvp
:ivl_version "11.0 (stable)";
:ivl_delay_selection "TYPICAL";
:vpi_time_precision + 0;
:vpi_module "/usr/local/Cellar/icarus-verilog/11.0/lib/ivl/system.vpi";
:vpi_module "/usr/local/Cellar/icarus-verilog/11.0/lib/ivl/vhdl_sys.vpi";
:vpi_module "/usr/local/Cellar/icarus-verilog/11.0/lib/ivl/vhdl_textio.vpi";
:vpi_module "/usr/local/Cellar/icarus-verilog/11.0/lib/ivl/v2005_math.vpi";
:vpi_module "/usr/local/Cellar/icarus-verilog/11.0/lib/ivl/va_math.vpi";
S_0x7fe25e004aa0 .scope module, "full_adder_4bit_ripple" "full_adder_4bit_ripple" 2 5;
 .timescale 0 0;
    .port_info 0 /OUTPUT 4 "s";
    .port_info 1 /OUTPUT 1 "co";
    .port_info 2 /INPUT 4 "a";
    .port_info 3 /INPUT 4 "b";
    .port_info 4 /INPUT 1 "ci";
L_0x7fe25e363050 .functor BUFT 1, C4<0>, C4<0>, C4<0>, C4<0>;
v0x7fe25e004cc0_0 .net *"_ivl_10", 0 0, L_0x7fe25e363050;  1 drivers
v0x7fe25e014d60_0 .net *"_ivl_11", 4 0, L_0x7fe25e015ab0;  1 drivers
v0x7fe25e014e00_0 .net *"_ivl_13", 4 0, L_0x7fe25e015c20;  1 drivers
L_0x7fe25e363098 .functor BUFT 1, C4<0000>, C4<0>, C4<0>, C4<0>;
v0x7fe25e014eb0_0 .net *"_ivl_16", 3 0, L_0x7fe25e363098;  1 drivers
v0x7fe25e014f60_0 .net *"_ivl_17", 4 0, L_0x7fe25e015d00;  1 drivers
v0x7fe25e015050_0 .net *"_ivl_3", 4 0, L_0x7fe25e015810;  1 drivers
L_0x7fe25e363008 .functor BUFT 1, C4<0>, C4<0>, C4<0>, C4<0>;
v0x7fe25e015100_0 .net *"_ivl_6", 0 0, L_0x7fe25e363008;  1 drivers
v0x7fe25e0151b0_0 .net *"_ivl_7", 4 0, L_0x7fe25e015970;  1 drivers
o0x7fe25e332188 .functor BUFZ 4, C4<zzzz>; HiZ drive
v0x7fe25e015260_0 .net "a", 3 0, o0x7fe25e332188;  0 drivers
o0x7fe25e3321b8 .functor BUFZ 4, C4<zzzz>; HiZ drive
v0x7fe25e015370_0 .net "b", 3 0, o0x7fe25e3321b8;  0 drivers
o0x7fe25e3321e8 .functor BUFZ 1, C4<z>; HiZ drive
v0x7fe25e015420_0 .net "ci", 0 0, o0x7fe25e3321e8;  0 drivers
v0x7fe25e0154c0_0 .net "co", 0 0, L_0x7fe25e015690;  1 drivers
v0x7fe25e015560_0 .net "s", 3 0, L_0x7fe25e015730;  1 drivers
L_0x7fe25e015690 .part L_0x7fe25e015d00, 4, 1;
L_0x7fe25e015730 .part L_0x7fe25e015d00, 0, 4;
L_0x7fe25e015810 .concat [ 4 1 0 0], o0x7fe25e332188, L_0x7fe25e363008;
L_0x7fe25e015970 .concat [ 4 1 0 0], o0x7fe25e3321b8, L_0x7fe25e363050;
L_0x7fe25e015ab0 .arith/sum 5, L_0x7fe25e015810, L_0x7fe25e015970;
L_0x7fe25e015c20 .concat [ 1 4 0 0], o0x7fe25e3321e8, L_0x7fe25e363098;
L_0x7fe25e015d00 .arith/sum 5, L_0x7fe25e015ab0, L_0x7fe25e015c20;
# The file index is used to find the file name in the following table.
:file_names 3;
    "N/A";
    "<interactive>";
    "full_adder_4bit_df.v";
