#! /usr/local/Cellar/icarus-verilog/11.0/bin/vvp
:ivl_version "11.0 (stable)";
:ivl_delay_selection "TYPICAL";
:vpi_time_precision + 0;
:vpi_module "/usr/local/Cellar/icarus-verilog/11.0/lib/ivl/system.vpi";
:vpi_module "/usr/local/Cellar/icarus-verilog/11.0/lib/ivl/vhdl_sys.vpi";
:vpi_module "/usr/local/Cellar/icarus-verilog/11.0/lib/ivl/vhdl_textio.vpi";
:vpi_module "/usr/local/Cellar/icarus-verilog/11.0/lib/ivl/v2005_math.vpi";
:vpi_module "/usr/local/Cellar/icarus-verilog/11.0/lib/ivl/va_math.vpi";
S_0x7f8e7a705c90 .scope module, "ALU_4bit" "ALU_4bit" 2 5;
 .timescale 0 0;
    .port_info 0 /OUTPUT 4 "x";
    .port_info 1 /OUTPUT 4 "y";
    .port_info 2 /INPUT 4 "a";
    .port_info 3 /INPUT 4 "b";
    .port_info 4 /INPUT 4 "opcode";
o0x7f8e7b932008 .functor BUFZ 4, C4<zzzz>; HiZ drive
v0x7f8e7a705ee0_0 .net "a", 3 0, o0x7f8e7b932008;  0 drivers
o0x7f8e7b932038 .functor BUFZ 4, C4<zzzz>; HiZ drive
v0x7f8e7bb05fb0_0 .net "b", 3 0, o0x7f8e7b932038;  0 drivers
o0x7f8e7b932068 .functor BUFZ 4, C4<zzzz>; HiZ drive
v0x7f8e7bb06070_0 .net "opcode", 3 0, o0x7f8e7b932068;  0 drivers
v0x7f8e7bb06130_0 .var "x", 3 0;
v0x7f8e7bb061e0_0 .var "y", 3 0;
E_0x7f8e7a705eb0 .event edge, v0x7f8e7bb06070_0, v0x7f8e7bb05fb0_0, v0x7f8e7a705ee0_0;
    .scope S_0x7f8e7a705c90;
T_0 ;
    %wait E_0x7f8e7a705eb0;
    %load/vec4 v0x7f8e7bb06070_0;
    %dup/vec4;
    %pushi/vec4 0, 0, 4;
    %cmp/u;
    %jmp/1 T_0.0, 6;
    %dup/vec4;
    %pushi/vec4 1, 0, 4;
    %cmp/u;
    %jmp/1 T_0.1, 6;
    %dup/vec4;
    %pushi/vec4 2, 0, 4;
    %cmp/u;
    %jmp/1 T_0.2, 6;
    %dup/vec4;
    %pushi/vec4 3, 0, 4;
    %cmp/u;
    %jmp/1 T_0.3, 6;
    %dup/vec4;
    %pushi/vec4 4, 0, 4;
    %cmp/u;
    %jmp/1 T_0.4, 6;
    %dup/vec4;
    %pushi/vec4 5, 0, 4;
    %cmp/u;
    %jmp/1 T_0.5, 6;
    %dup/vec4;
    %pushi/vec4 6, 0, 4;
    %cmp/u;
    %jmp/1 T_0.6, 6;
    %dup/vec4;
    %pushi/vec4 7, 0, 4;
    %cmp/u;
    %jmp/1 T_0.7, 6;
    %dup/vec4;
    %pushi/vec4 8, 0, 4;
    %cmp/u;
    %jmp/1 T_0.8, 6;
    %dup/vec4;
    %pushi/vec4 9, 0, 4;
    %cmp/u;
    %jmp/1 T_0.9, 6;
    %dup/vec4;
    %pushi/vec4 10, 0, 4;
    %cmp/u;
    %jmp/1 T_0.10, 6;
    %dup/vec4;
    %pushi/vec4 11, 0, 4;
    %cmp/u;
    %jmp/1 T_0.11, 6;
    %dup/vec4;
    %pushi/vec4 12, 0, 4;
    %cmp/u;
    %jmp/1 T_0.12, 6;
    %dup/vec4;
    %pushi/vec4 15, 0, 4;
    %cmp/u;
    %jmp/1 T_0.13, 6;
    %dup/vec4;
    %pushi/vec4 14, 0, 4;
    %cmp/u;
    %jmp/1 T_0.14, 6;
    %dup/vec4;
    %pushi/vec4 15, 0, 4;
    %cmp/u;
    %jmp/1 T_0.15, 6;
    %vpi_call 2 27 "$display", "error" {0 0 0};
    %jmp T_0.17;
T_0.0 ;
    %load/vec4 v0x7f8e7a705ee0_0;
    %or/r;
    %ix/load 4, 0, 0;
    %flag_set/imm 4, 0;
    %store/vec4 v0x7f8e7bb06130_0, 4, 1;
    %jmp T_0.17;
T_0.1 ;
    %load/vec4 v0x7f8e7a705ee0_0;
    %and/r;
    %ix/load 4, 0, 0;
    %flag_set/imm 4, 0;
    %store/vec4 v0x7f8e7bb06130_0, 4, 1;
    %jmp T_0.17;
T_0.2 ;
    %load/vec4 v0x7f8e7a705ee0_0;
    %xor/r;
    %ix/load 4, 0, 0;
    %flag_set/imm 4, 0;
    %store/vec4 v0x7f8e7bb06130_0, 4, 1;
    %jmp T_0.17;
T_0.3 ;
    %load/vec4 v0x7f8e7a705ee0_0;
    %load/vec4 v0x7f8e7bb05fb0_0;
    %and;
    %store/vec4 v0x7f8e7bb06130_0, 0, 4;
    %jmp T_0.17;
T_0.4 ;
    %load/vec4 v0x7f8e7a705ee0_0;
    %load/vec4 v0x7f8e7bb05fb0_0;
    %or;
    %store/vec4 v0x7f8e7bb06130_0, 0, 4;
    %jmp T_0.17;
T_0.5 ;
    %load/vec4 v0x7f8e7a705ee0_0;
    %load/vec4 v0x7f8e7bb05fb0_0;
    %xor;
    %store/vec4 v0x7f8e7bb06130_0, 0, 4;
    %jmp T_0.17;
T_0.6 ;
    %load/vec4 v0x7f8e7bb05fb0_0;
    %load/vec4 v0x7f8e7a705ee0_0;
    %cmp/u;
    %flag_get/vec4 5;
    %ix/load 4, 0, 0;
    %flag_set/imm 4, 0;
    %store/vec4 v0x7f8e7bb06130_0, 4, 1;
    %jmp T_0.17;
T_0.7 ;
    %load/vec4 v0x7f8e7a705ee0_0;
    %load/vec4 v0x7f8e7bb05fb0_0;
    %cmp/u;
    %flag_get/vec4 5;
    %ix/load 4, 0, 0;
    %flag_set/imm 4, 0;
    %store/vec4 v0x7f8e7bb06130_0, 4, 1;
    %jmp T_0.17;
T_0.8 ;
    %load/vec4 v0x7f8e7a705ee0_0;
    %nor/r;
    %ix/load 4, 0, 0;
    %flag_set/imm 4, 0;
    %store/vec4 v0x7f8e7bb06130_0, 4, 1;
    %jmp T_0.17;
T_0.9 ;
    %load/vec4 v0x7f8e7a705ee0_0;
    %load/vec4 v0x7f8e7bb05fb0_0;
    %cmp/e;
    %flag_get/vec4 4;
    %ix/load 4, 0, 0;
    %flag_set/imm 4, 0;
    %store/vec4 v0x7f8e7bb06130_0, 4, 1;
    %jmp T_0.17;
T_0.10 ;
    %load/vec4 v0x7f8e7a705ee0_0;
    %pad/u 5;
    %load/vec4 v0x7f8e7bb05fb0_0;
    %pad/u 5;
    %add;
    %split/vec4 4;
    %store/vec4 v0x7f8e7bb06130_0, 0, 4;
    %ix/load 4, 0, 0;
    %flag_set/imm 4, 0;
    %store/vec4 v0x7f8e7bb061e0_0, 4, 1;
    %jmp T_0.17;
T_0.11 ;
    %load/vec4 v0x7f8e7a705ee0_0;
    %load/vec4 v0x7f8e7bb05fb0_0;
    %sub;
    %store/vec4 v0x7f8e7bb06130_0, 0, 4;
    %jmp T_0.17;
T_0.12 ;
    %load/vec4 v0x7f8e7a705ee0_0;
    %pad/u 8;
    %load/vec4 v0x7f8e7bb05fb0_0;
    %pad/u 8;
    %mul;
    %split/vec4 4;
    %store/vec4 v0x7f8e7bb06130_0, 0, 4;
    %store/vec4 v0x7f8e7bb061e0_0, 0, 4;
    %jmp T_0.17;
T_0.13 ;
    %load/vec4 v0x7f8e7a705ee0_0;
    %pad/u 8;
    %ix/getv 4, v0x7f8e7bb05fb0_0;
    %shiftr 4;
    %split/vec4 4;
    %store/vec4 v0x7f8e7bb06130_0, 0, 4;
    %store/vec4 v0x7f8e7bb061e0_0, 0, 4;
    %jmp T_0.17;
T_0.14 ;
    %load/vec4 v0x7f8e7a705ee0_0;
    %pad/u 8;
    %ix/getv 4, v0x7f8e7bb05fb0_0;
    %shiftl 4;
    %split/vec4 4;
    %store/vec4 v0x7f8e7bb06130_0, 0, 4;
    %store/vec4 v0x7f8e7bb061e0_0, 0, 4;
    %jmp T_0.17;
T_0.15 ;
    %load/vec4 v0x7f8e7a705ee0_0;
    %inv;
    %store/vec4 v0x7f8e7bb06130_0, 0, 4;
    %jmp T_0.17;
T_0.17 ;
    %pop/vec4 1;
    %jmp T_0;
    .thread T_0, $push;
# The file index is used to find the file name in the following table.
:file_names 3;
    "N/A";
    "<interactive>";
    "ALU_4bit.v";
