#! /usr/local/Cellar/icarus-verilog/11.0/bin/vvp
:ivl_version "11.0 (stable)";
:ivl_delay_selection "TYPICAL";
:vpi_time_precision + 0;
:vpi_module "/usr/local/Cellar/icarus-verilog/11.0/lib/ivl/system.vpi";
:vpi_module "/usr/local/Cellar/icarus-verilog/11.0/lib/ivl/vhdl_sys.vpi";
:vpi_module "/usr/local/Cellar/icarus-verilog/11.0/lib/ivl/vhdl_textio.vpi";
:vpi_module "/usr/local/Cellar/icarus-verilog/11.0/lib/ivl/v2005_math.vpi";
:vpi_module "/usr/local/Cellar/icarus-verilog/11.0/lib/ivl/va_math.vpi";
S_0x7f8222004350 .scope module, "comparator_4_df2" "comparator_4_df2" 2 5;
 .timescale 0 0;
    .port_info 0 /OUTPUT 1 "Eq";
    .port_info 1 /OUTPUT 1 "Gt";
    .port_info 2 /OUTPUT 1 "Sm";
    .port_info 3 /INPUT 4 "A";
    .port_info 4 /INPUT 4 "B";
o0x7f8222232008 .functor BUFZ 4, C4<zzzz>; HiZ drive
v0x7f8222004690_0 .net "A", 3 0, o0x7f8222232008;  0 drivers
o0x7f8222232038 .functor BUFZ 4, C4<zzzz>; HiZ drive
v0x7f8221713b40_0 .net "B", 3 0, o0x7f8222232038;  0 drivers
v0x7f8221713c00_0 .var "Eq", 0 0;
v0x7f8221713cb0_0 .var "Gt", 0 0;
v0x7f8221713d50_0 .var "Sm", 0 0;
E_0x7f8222004660 .event edge, v0x7f8222004690_0, v0x7f8221713b40_0;
    .scope S_0x7f8222004350;
T_0 ;
    %wait E_0x7f8222004660;
    %load/vec4 v0x7f8222004690_0;
    %load/vec4 v0x7f8221713b40_0;
    %cmp/e;
    %flag_get/vec4 4;
    %store/vec4 v0x7f8221713c00_0, 0, 1;
    %load/vec4 v0x7f8221713b40_0;
    %load/vec4 v0x7f8222004690_0;
    %cmp/u;
    %flag_get/vec4 5;
    %store/vec4 v0x7f8221713cb0_0, 0, 1;
    %load/vec4 v0x7f8222004690_0;
    %load/vec4 v0x7f8221713b40_0;
    %cmp/u;
    %flag_get/vec4 5;
    %store/vec4 v0x7f8221713d50_0, 0, 1;
    %jmp T_0;
    .thread T_0, $push;
# The file index is used to find the file name in the following table.
:file_names 3;
    "N/A";
    "<interactive>";
    "comparator_4_bh.v";
