#! /usr/local/Cellar/icarus-verilog/11.0/bin/vvp
:ivl_version "11.0 (stable)";
:ivl_delay_selection "TYPICAL";
:vpi_time_precision + 0;
:vpi_module "/usr/local/Cellar/icarus-verilog/11.0/lib/ivl/system.vpi";
:vpi_module "/usr/local/Cellar/icarus-verilog/11.0/lib/ivl/vhdl_sys.vpi";
:vpi_module "/usr/local/Cellar/icarus-verilog/11.0/lib/ivl/vhdl_textio.vpi";
:vpi_module "/usr/local/Cellar/icarus-verilog/11.0/lib/ivl/v2005_math.vpi";
:vpi_module "/usr/local/Cellar/icarus-verilog/11.0/lib/ivl/va_math.vpi";
S_0x7f99da904c80 .scope module, "comparator_4_df2" "comparator_4_df2" 2 5;
 .timescale 0 0;
    .port_info 0 /OUTPUT 1 "Eq";
    .port_info 1 /OUTPUT 1 "Gt";
    .port_info 2 /OUTPUT 1 "Sm";
    .port_info 3 /INPUT 4 "A";
    .port_info 4 /INPUT 4 "B";
o0x7f99daa32008 .functor BUFZ 4, C4<zzzz>; HiZ drive
v0x7f99da904ea0_0 .net "A", 3 0, o0x7f99daa32008;  0 drivers
o0x7f99daa32038 .functor BUFZ 4, C4<zzzz>; HiZ drive
v0x7f99da914f30_0 .net "B", 3 0, o0x7f99daa32038;  0 drivers
v0x7f99da914fd0_0 .net "Eq", 0 0, L_0x7f99da915270;  1 drivers
v0x7f99da915080_0 .net "Gt", 0 0, L_0x7f99da915330;  1 drivers
v0x7f99da915110_0 .net "Sm", 0 0, L_0x7f99da915470;  1 drivers
L_0x7f99da915270 .cmp/eq 4, o0x7f99daa32008, o0x7f99daa32038;
L_0x7f99da915330 .cmp/gt 4, o0x7f99daa32008, o0x7f99daa32038;
L_0x7f99da915470 .cmp/gt 4, o0x7f99daa32038, o0x7f99daa32008;
# The file index is used to find the file name in the following table.
:file_names 3;
    "N/A";
    "<interactive>";
    "comparator_4_df2.v";
