#! /usr/local/Cellar/icarus-verilog/11.0/bin/vvp
:ivl_version "11.0 (stable)";
:ivl_delay_selection "TYPICAL";
:vpi_time_precision + 0;
:vpi_module "/usr/local/Cellar/icarus-verilog/11.0/lib/ivl/system.vpi";
:vpi_module "/usr/local/Cellar/icarus-verilog/11.0/lib/ivl/vhdl_sys.vpi";
:vpi_module "/usr/local/Cellar/icarus-verilog/11.0/lib/ivl/vhdl_textio.vpi";
:vpi_module "/usr/local/Cellar/icarus-verilog/11.0/lib/ivl/v2005_math.vpi";
:vpi_module "/usr/local/Cellar/icarus-verilog/11.0/lib/ivl/va_math.vpi";
S_0x7fb0d0105170 .scope module, "FA_bh" "FA_bh" 2 3;
 .timescale 0 0;
    .port_info 0 /OUTPUT 1 "s";
    .port_info 1 /OUTPUT 1 "c";
    .port_info 2 /INPUT 1 "a";
    .port_info 3 /INPUT 1 "b";
    .port_info 4 /INPUT 1 "ci";
o0x7fb0d0232008 .functor BUFZ 1, C4<z>; HiZ drive
v0x7fb0d0105360_0 .net "a", 0 0, o0x7fb0d0232008;  0 drivers
o0x7fb0d0232038 .functor BUFZ 1, C4<z>; HiZ drive
v0x7fb0d0117de0_0 .net "b", 0 0, o0x7fb0d0232038;  0 drivers
v0x7fb0d0117e80_0 .var "c", 0 0;
o0x7fb0d0232098 .functor BUFZ 1, C4<z>; HiZ drive
v0x7fb0d0117f30_0 .net "ci", 0 0, o0x7fb0d0232098;  0 drivers
v0x7fb0d0117fd0_0 .var "s", 0 0;
E_0x7fb0d0107cf0 .event edge, v0x7fb0d0105360_0, v0x7fb0d0117de0_0, v0x7fb0d0117f30_0;
    .scope S_0x7fb0d0105170;
T_0 ;
    %wait E_0x7fb0d0107cf0;
    %load/vec4 v0x7fb0d0105360_0;
    %load/vec4 v0x7fb0d0117de0_0;
    %xor;
    %load/vec4 v0x7fb0d0117f30_0;
    %xor;
    %store/vec4 v0x7fb0d0117fd0_0, 0, 1;
    %load/vec4 v0x7fb0d0105360_0;
    %load/vec4 v0x7fb0d0117de0_0;
    %and;
    %load/vec4 v0x7fb0d0117de0_0;
    %load/vec4 v0x7fb0d0117f30_0;
    %and;
    %or;
    %load/vec4 v0x7fb0d0117f30_0;
    %load/vec4 v0x7fb0d0105360_0;
    %and;
    %or;
    %store/vec4 v0x7fb0d0117e80_0, 0, 1;
    %jmp T_0;
    .thread T_0, $push;
# The file index is used to find the file name in the following table.
:file_names 3;
    "N/A";
    "<interactive>";
    "FA_bh.v";
