#! /usr/local/Cellar/icarus-verilog/11.0/bin/vvp
:ivl_version "11.0 (stable)";
:ivl_delay_selection "TYPICAL";
:vpi_time_precision - 10;
:vpi_module "/usr/local/Cellar/icarus-verilog/11.0/lib/ivl/system.vpi";
:vpi_module "/usr/local/Cellar/icarus-verilog/11.0/lib/ivl/vhdl_sys.vpi";
:vpi_module "/usr/local/Cellar/icarus-verilog/11.0/lib/ivl/vhdl_textio.vpi";
:vpi_module "/usr/local/Cellar/icarus-verilog/11.0/lib/ivl/v2005_math.vpi";
:vpi_module "/usr/local/Cellar/icarus-verilog/11.0/lib/ivl/va_math.vpi";
S_0x7fd5eff09750 .scope module, "FA_bh_tb" "FA_bh_tb" 2 5;
 .timescale -9 -10;
v0x7fd5eff19ed0_0 .var "a", 0 0;
v0x7fd5eff19f80_0 .var "b", 0 0;
v0x7fd5eff1a010_0 .net "c", 0 0, v0x7fd5eff19c20_0;  1 drivers
v0x7fd5eff1a0c0_0 .var "ci", 0 0;
v0x7fd5eff1a170_0 .net "s", 0 0, v0x7fd5eff19d70_0;  1 drivers
S_0x7fd5eff098c0 .scope module, "FA1" "FA_bh" 2 9, 3 3 0, S_0x7fd5eff09750;
 .timescale 0 0;
    .port_info 0 /OUTPUT 1 "s";
    .port_info 1 /OUTPUT 1 "c";
    .port_info 2 /INPUT 1 "a";
    .port_info 3 /INPUT 1 "b";
    .port_info 4 /INPUT 1 "ci";
v0x7fd5eff09b00_0 .net "a", 0 0, v0x7fd5eff19ed0_0;  1 drivers
v0x7fd5eff19b80_0 .net "b", 0 0, v0x7fd5eff19f80_0;  1 drivers
v0x7fd5eff19c20_0 .var "c", 0 0;
v0x7fd5eff19cd0_0 .net "ci", 0 0, v0x7fd5eff1a0c0_0;  1 drivers
v0x7fd5eff19d70_0 .var "s", 0 0;
E_0x7fd5eff09650 .event edge, v0x7fd5eff09b00_0, v0x7fd5eff19b80_0, v0x7fd5eff19cd0_0;
    .scope S_0x7fd5eff098c0;
T_0 ;
    %wait E_0x7fd5eff09650;
    %load/vec4 v0x7fd5eff09b00_0;
    %load/vec4 v0x7fd5eff19b80_0;
    %xor;
    %load/vec4 v0x7fd5eff19cd0_0;
    %xor;
    %store/vec4 v0x7fd5eff19d70_0, 0, 1;
    %load/vec4 v0x7fd5eff09b00_0;
    %load/vec4 v0x7fd5eff19b80_0;
    %and;
    %load/vec4 v0x7fd5eff19b80_0;
    %load/vec4 v0x7fd5eff19cd0_0;
    %and;
    %or;
    %load/vec4 v0x7fd5eff19cd0_0;
    %load/vec4 v0x7fd5eff09b00_0;
    %and;
    %or;
    %store/vec4 v0x7fd5eff19c20_0, 0, 1;
    %jmp T_0;
    .thread T_0, $push;
    .scope S_0x7fd5eff09750;
T_1 ;
    %vpi_call 2 12 "$dumpfile", "FA_bh_tb.vcd" {0 0 0};
    %vpi_call 2 13 "$dumpvars", 32'sb00000000000000000000000000000000, S_0x7fd5eff09750 {0 0 0};
    %vpi_call 2 15 "$monitor", "time=%d \011 a=%b \011 b=%b \011 ci=%b \011 s=%b \011 c=%b", $time, v0x7fd5eff19ed0_0, v0x7fd5eff19f80_0, v0x7fd5eff1a0c0_0, v0x7fd5eff1a170_0, v0x7fd5eff1a010_0 {0 0 0};
    %pushi/vec4 0, 0, 1;
    %store/vec4 v0x7fd5eff19ed0_0, 0, 1;
    %pushi/vec4 0, 0, 1;
    %store/vec4 v0x7fd5eff19f80_0, 0, 1;
    %pushi/vec4 0, 0, 1;
    %store/vec4 v0x7fd5eff1a0c0_0, 0, 1;
    %delay 100, 0;
    %pushi/vec4 1, 0, 1;
    %store/vec4 v0x7fd5eff19ed0_0, 0, 1;
    %delay 100, 0;
    %pushi/vec4 1, 0, 1;
    %store/vec4 v0x7fd5eff19f80_0, 0, 1;
    %delay 100, 0;
    %pushi/vec4 1, 0, 1;
    %store/vec4 v0x7fd5eff1a0c0_0, 0, 1;
    %delay 100, 0;
    %vpi_call 2 22 "$stop" {0 0 0};
    %end;
    .thread T_1;
# The file index is used to find the file name in the following table.
:file_names 4;
    "N/A";
    "<interactive>";
    "FA_bh_tb.v";
    "./FA_bh.v";
