#! /usr/local/Cellar/icarus-verilog/11.0/bin/vvp
:ivl_version "11.0 (stable)";
:ivl_delay_selection "TYPICAL";
:vpi_time_precision + 0;
:vpi_module "/usr/local/Cellar/icarus-verilog/11.0/lib/ivl/system.vpi";
:vpi_module "/usr/local/Cellar/icarus-verilog/11.0/lib/ivl/vhdl_sys.vpi";
:vpi_module "/usr/local/Cellar/icarus-verilog/11.0/lib/ivl/vhdl_textio.vpi";
:vpi_module "/usr/local/Cellar/icarus-verilog/11.0/lib/ivl/v2005_math.vpi";
:vpi_module "/usr/local/Cellar/icarus-verilog/11.0/lib/ivl/va_math.vpi";
S_0x7ff075005ac0 .scope module, "mux_2_1_bh" "mux_2_1_bh" 2 5;
 .timescale 0 0;
    .port_info 0 /OUTPUT 1 "o";
    .port_info 1 /INPUT 2 "i";
    .port_info 2 /INPUT 1 "s";
o0x7ff075232008 .functor BUFZ 2, C4<zz>; HiZ drive
v0x7ff075005c80_0 .net "i", 1 0, o0x7ff075232008;  0 drivers
v0x7ff075015d20_0 .var "o", 0 0;
o0x7ff075232068 .functor BUFZ 1, C4<z>; HiZ drive
v0x7ff075015dc0_0 .net "s", 0 0, o0x7ff075232068;  0 drivers
E_0x7ff0750044b0 .event edge, v0x7ff075015dc0_0, v0x7ff075005c80_0;
    .scope S_0x7ff075005ac0;
T_0 ;
    %wait E_0x7ff0750044b0;
    %load/vec4 v0x7ff075015dc0_0;
    %flag_set/vec4 8;
    %jmp/0xz  T_0.0, 8;
    %load/vec4 v0x7ff075005c80_0;
    %parti/s 1, 1, 2;
    %store/vec4 v0x7ff075015d20_0, 0, 1;
    %jmp T_0.1;
T_0.0 ;
    %load/vec4 v0x7ff075005c80_0;
    %parti/s 1, 0, 2;
    %store/vec4 v0x7ff075015d20_0, 0, 1;
T_0.1 ;
    %jmp T_0;
    .thread T_0, $push;
# The file index is used to find the file name in the following table.
:file_names 3;
    "N/A";
    "<interactive>";
    "muc_2_1_bh.v";
