#! /usr/local/Cellar/icarus-verilog/11.0/bin/vvp
:ivl_version "11.0 (stable)";
:ivl_delay_selection "TYPICAL";
:vpi_time_precision + 0;
:vpi_module "/usr/local/Cellar/icarus-verilog/11.0/lib/ivl/system.vpi";
:vpi_module "/usr/local/Cellar/icarus-verilog/11.0/lib/ivl/vhdl_sys.vpi";
:vpi_module "/usr/local/Cellar/icarus-verilog/11.0/lib/ivl/vhdl_textio.vpi";
:vpi_module "/usr/local/Cellar/icarus-verilog/11.0/lib/ivl/v2005_math.vpi";
:vpi_module "/usr/local/Cellar/icarus-verilog/11.0/lib/ivl/va_math.vpi";
S_0x7fd52c304180 .scope module, "Dlatch_reset_bh" "Dlatch_reset_bh" 2 5;
 .timescale 0 0;
    .port_info 0 /OUTPUT 1 "q";
    .port_info 1 /INPUT 1 "d";
    .port_info 2 /INPUT 1 "en";
    .port_info 3 /INPUT 1 "rst";
o0x7fd52c032008 .functor BUFZ 1, C4<z>; HiZ drive
v0x7fd52c3043a0_0 .net "d", 0 0, o0x7fd52c032008;  0 drivers
o0x7fd52c032038 .functor BUFZ 1, C4<z>; HiZ drive
v0x7fd52c314450_0 .net "en", 0 0, o0x7fd52c032038;  0 drivers
v0x7fd52c3144f0_0 .var "q", 0 0;
o0x7fd52c032098 .functor BUFZ 1, C4<z>; HiZ drive
v0x7fd52c3145a0_0 .net "rst", 0 0, o0x7fd52c032098;  0 drivers
E_0x7fd52c304360 .event edge, v0x7fd52c3145a0_0, v0x7fd52c3144f0_0, v0x7fd52c314450_0;
    .scope S_0x7fd52c304180;
T_0 ;
    %wait E_0x7fd52c304360;
    %load/vec4 v0x7fd52c3145a0_0;
    %flag_set/vec4 8;
    %jmp/0xz  T_0.0, 8;
    %pushi/vec4 0, 0, 1;
    %store/vec4 v0x7fd52c3144f0_0, 0, 1;
    %jmp T_0.1;
T_0.0 ;
    %load/vec4 v0x7fd52c314450_0;
    %flag_set/vec4 8;
    %jmp/0xz  T_0.2, 8;
    %load/vec4 v0x7fd52c3043a0_0;
    %store/vec4 v0x7fd52c3144f0_0, 0, 1;
T_0.2 ;
T_0.1 ;
    %jmp T_0;
    .thread T_0, $push;
# The file index is used to find the file name in the following table.
:file_names 3;
    "N/A";
    "<interactive>";
    "Dlatch_reset_bh.v";
