#! /usr/local/Cellar/icarus-verilog/11.0/bin/vvp
:ivl_version "11.0 (stable)";
:ivl_delay_selection "TYPICAL";
:vpi_time_precision + 0;
:vpi_module "/usr/local/Cellar/icarus-verilog/11.0/lib/ivl/system.vpi";
:vpi_module "/usr/local/Cellar/icarus-verilog/11.0/lib/ivl/vhdl_sys.vpi";
:vpi_module "/usr/local/Cellar/icarus-verilog/11.0/lib/ivl/vhdl_textio.vpi";
:vpi_module "/usr/local/Cellar/icarus-verilog/11.0/lib/ivl/v2005_math.vpi";
:vpi_module "/usr/local/Cellar/icarus-verilog/11.0/lib/ivl/va_math.vpi";
S_0x7f7c02f06b10 .scope module, "dlatch_df" "dlatch_df" 2 5;
 .timescale 0 0;
    .port_info 0 /OUTPUT 1 "q";
    .port_info 1 /INPUT 1 "d";
    .port_info 2 /INPUT 1 "en";
o0x7f7c03b32008 .functor BUFZ 1, C4<z>; HiZ drive
v0x7f7c02f06c80_0 .net "d", 0 0, o0x7f7c03b32008;  0 drivers
o0x7f7c03b32038 .functor BUFZ 1, C4<z>; HiZ drive
v0x7f7c0380a600_0 .net "en", 0 0, o0x7f7c03b32038;  0 drivers
v0x7f7c0380a6b0_0 .net "q", 0 0, L_0x7f7c0380a780;  1 drivers
L_0x7f7c0380a780 .functor MUXZ 1, L_0x7f7c0380a780, o0x7f7c03b32008, o0x7f7c03b32038, C4<>;
# The file index is used to find the file name in the following table.
:file_names 3;
    "N/A";
    "<interactive>";
    "Dlatch_df.v";
